#
# A fatal error has been detected by the Java Runtime Environment:
#
#  SIGSEGV (0xb) at pc=0x00007f032df807fd, pid=22542, tid=139652621137472
#
# JRE version: Java(TM) SE Runtime Environment (7.0_79-b15) (build 1.7.0_79-b15)
# Java VM: Java HotSpot(TM) 64-Bit Server VM (24.79-b02 mixed mode linux-amd64 compressed oops)
# Problematic frame:
# C  [libgdk-x11-2.0.so.0+0x7b7fd]  gdk_window_enable_synchronized_configure+0xd
#
# Failed to write core dump. Core dumps have been disabled. To enable core dumping, try "ulimit -c unlimited" before starting Java again
#
# If you would like to submit a bug report, please visit:
#   http://bugreport.java.com/bugreport/crash.jsp
# The crash happened outside the Java Virtual Machine in native code.
# See problematic frame for where to report the bug.
#

---------------  T H R E A D  ---------------

Current thread (0x00007f0364009000):  JavaThread "main" [_thread_in_native, id=22543, stack(0x00007f0368d00000,0x00007f0368e00000)]

siginfo:si_signo=SIGSEGV: si_errno=0, si_code=1 (SEGV_MAPERR), si_addr=0x0000000000000018

Registers:
RAX=0x0000000000000000, RBX=0x00007f0364388070, RCX=0x0000000000000003, RDX=0x00007f049401b198
RSP=0x00007f0368dfdbf0, RBP=0x0000000000000000, RSI=0x00007f03640008e0, RDI=0x0000000000000000
R8 =0x00007f0364398ed0, R9 =0x000000007fffffff, R10=0x00007f032df0c498, R11=0x00007f032df807f0
R12=0x0000000000000000, R13=0x00007f0368dfdc20, R14=0x0000000000000000, R15=0x00007f0364377760
RIP=0x00007f032df807fd, EFLAGS=0x0000000000010206, CSGSFS=0x002b000000000033, ERR=0x0000000000000004
  TRAPNO=0x000000000000000e

Top of Stack: (sp=0x00007f0368dfdbf0)
0x00007f0368dfdbf0:   00007f0364388070 00007f0364388070
0x00007f0368dfdc00:   00007f0364388090 00007f032d37c217
0x00007f0368dfdc10:   00007f0364388090 00007f032d3651fa
0x00007f0368dfdc20:   00007f0364398d80 00007f030000fc02
0x00007f0368dfdc30:   000001f700000000 0000000000000124
0x00007f0368dfdc40:   0000000000000000 0000000000000000
0x00007f0368dfdc50:   00007f0300000001 00007f03680dd345
0x00007f0368dfdc60:   00007f0364386af0 00007f0364386ad0
0x00007f0368dfdc70:   0000000000000001 7b64637fd5450900
0x00007f0368dfdc80:   0000000000000000 0000000000000000
0x00007f0368dfdc90:   0000000000000001 00007f0368dfde40
0x00007f0368dfdca0:   00007f0368dfddc0 00007f03680b3d2f
0x00007f0368dfdcb0:   00007f03680b60b0 00000000000000e0
0x00007f0368dfdcc0:   0000000040000002 00007f032dfff17a
0x00007f0368dfdcd0:   0000000000000000 00007f0364388090
0x00007f0368dfdce0:   00007f0368dfdd70 0000000000000000
0x00007f0368dfdcf0:   00007f03643777b0 0000000000000000
0x00007f0368dfdd00:   00007f0368dfddc0 00007f0368dfdd90
0x00007f0368dfdd10:   00007f0364386760 00007f03680cf7d5
0x00007f0368dfdd20:   00007f0364377d90 00007f0364377760
0x00007f0368dfdd30:   0000000000000020 00007f03680c7f60
0x00007f0368dfdd40:   00007f0364388090 0000000000000000
0x00007f0368dfdd50:   000000000000000b 00007f0368dfde40
0x00007f0368dfdd60:   00007f03643777b0 0000000000000000
0x00007f0368dfdd70:   0000000000000000 01007f0300000008
0x00007f0368dfdd80:   0000000000000000 00007f0368dfddb0
0x00007f0368dfdd90:   0000000000000008 0000000000000008
0x00007f0368dfdda0:   0000000000000000 00007f03680c1c70
0x00007f0368dfddb0:   00007f0368dfe2a0 00007f0364388090
0x00007f0368dfddc0:   0000000000000008 0000000100020001
0x00007f0368dfddd0:   00007f0364372b70 00007f03680e9eb0
0x00007f0368dfdde0:   0000000000000000 0000000000000000 

Instructions: (pc=0x00007f032df807fd)
0x00007f032df807dd:   5f e9 8d b2 ff ff 66 66 2e 0f 1f 84 00 00 00 00
0x00007f032df807ed:   00 66 90 f3 0f 1e fa 55 48 89 fd 53 48 83 ec 08
0x00007f032df807fd:   48 8b 5f 18 e8 2a b4 ff ff 48 85 db 74 22 48 89
0x00007f032df8080d:   c6 48 8b 03 48 85 c0 74 05 48 39 30 74 0c 48 89 

Register to memory mapping:

RAX=0x0000000000000000 is an unknown value
RBX=0x00007f0364388070 is an unknown value
RCX=0x0000000000000003 is an unknown value
RDX=0x00007f049401b198 is an unknown value
RSP=0x00007f0368dfdbf0 is pointing into the stack for thread: 0x00007f0364009000
RBP=0x0000000000000000 is an unknown value
RSI=0x00007f03640008e0 is an unknown value
RDI=0x0000000000000000 is an unknown value
R8 =0x00007f0364398ed0 is an unknown value
R9 =0x000000007fffffff is an unknown value
R10=0x00007f032df0c498: <offset 0x7498> in /lib/x86_64-linux-gnu/libgdk-x11-2.0.so.0 at 0x00007f032df05000
R11=0x00007f032df807f0: gdk_window_enable_synchronized_configure+0 in /lib/x86_64-linux-gnu/libgdk-x11-2.0.so.0 at 0x00007f032df05000
R12=0x0000000000000000 is an unknown value
R13=0x00007f0368dfdc20 is pointing into the stack for thread: 0x00007f0364009000
R14=0x0000000000000000 is an unknown value
R15=0x00007f0364377760 is an unknown value


Stack: [0x00007f0368d00000,0x00007f0368e00000],  sp=0x00007f0368dfdbf0,  free space=1014k
Native frames: (J=compiled Java code, j=interpreted, Vv=VM code, C=native code)
C  [libgdk-x11-2.0.so.0+0x7b7fd]  gdk_window_enable_synchronized_configure+0xd

[error occurred during error reporting (printing native stack), id 0xb]

Java frames: (J=compiled Java code, j=interpreted, Vv=VM code)
j  org.eclipse.equinox.launcher.JNIBridge._show_splash(Ljava/lang/String;)V+0
j  org.eclipse.equinox.launcher.JNIBridge.showSplash(Ljava/lang/String;)Z+2
j  org.eclipse.equinox.launcher.Main.handleSplash([Ljava/net/URL;)V+157
j  org.eclipse.equinox.launcher.Main.basicRun([Ljava/lang/String;)V+116
j  org.eclipse.equinox.launcher.Main.run([Ljava/lang/String;)I+4
j  org.eclipse.equinox.launcher.Main.main([Ljava/lang/String;)V+10
v  ~StubRoutines::call_stub

---------------  P R O C E S S  ---------------

Java Threads: ( => current thread )
  0x00007f0364294000 JavaThread "Service Thread" daemon [_thread_blocked, id=22563, stack(0x00007f032e387000,0x00007f032e487000)]
  0x00007f0364291800 JavaThread "C2 CompilerThread1" daemon [_thread_blocked, id=22562, stack(0x00007f032e488000,0x00007f032e588000)]
  0x00007f0364286800 JavaThread "C2 CompilerThread0" daemon [_thread_blocked, id=22561, stack(0x00007f032e589000,0x00007f032e689000)]
  0x00007f0364284000 JavaThread "Signal Dispatcher" daemon [_thread_blocked, id=22560, stack(0x00007f032e689000,0x00007f032e789000)]
  0x00007f036426b000 JavaThread "Finalizer" daemon [_thread_blocked, id=22559, stack(0x00007f032ecef000,0x00007f032edef000)]
  0x00007f0364269000 JavaThread "Reference Handler" daemon [_thread_blocked, id=22558, stack(0x00007f032edef000,0x00007f032eeef000)]
=>0x00007f0364009000 JavaThread "main" [_thread_in_native, id=22543, stack(0x00007f0368d00000,0x00007f0368e00000)]

Other Threads:
  0x00007f0364264800 VMThread [stack: 0x00007f032eef0000,0x00007f032eff0000] [id=22557]
  0x00007f036429e800 WatcherThread [stack: 0x00007f032e287000,0x00007f032e387000] [id=22564]

VM state:not at safepoint (normal execution)

VM Mutex/Monitor currently owned by a thread: None

Heap
 PSYoungGen      total 114688K, used 3932K [0x00000000f0000000, 0x00000000f8000000, 0x0000000100000000)
  eden space 98304K, 4% used [0x00000000f0000000,0x00000000f03d7198,0x00000000f6000000)
  from space 16384K, 0% used [0x00000000f7000000,0x00000000f7000000,0x00000000f8000000)
  to   space 16384K, 0% used [0x00000000f6000000,0x00000000f6000000,0x00000000f7000000)
 ParOldGen       total 262144K, used 0K [0x00000000d0000000, 0x00000000e0000000, 0x00000000f0000000)
  object space 262144K, 0% used [0x00000000d0000000,0x00000000d0000000,0x00000000e0000000)
 PSPermGen       total 21504K, used 4334K [0x00000000b8000000, 0x00000000b9500000, 0x00000000d0000000)
  object space 21504K, 20% used [0x00000000b8000000,0x00000000b843ba50,0x00000000b9500000)

Card table byte_map: [0x00007f0360dbf000,0x00007f0361000000] byte_map_base: 0x00007f03607ff000

Polling page: 0x00007f036a2a0000

Code Cache  [0x00007f0361000000, 0x00007f0361270000, 0x00007f0364000000)
 total_blobs=221 nmethods=12 adapters=164 free_code_cache=48734Kb largest_free_block=49879680

Compilation events (10 events):
Event: 0,063 Thread 0x00007f0364286800 nmethod 7 0x00007f0361062b90 code [0x00007f0361062cc0, 0x00007f0361062d38]
Event: 0,070 Thread 0x00007f0364291800 nmethod 5 0x00007f0361067150 code [0x00007f03610672c0, 0x00007f0361067c28]
Event: 0,070 Thread 0x00007f0364286800    8             java.lang.Integer::reverseBytes (26 bytes)
Event: 0,070 Thread 0x00007f0364286800 nmethod 8 0x00007f0361062990 code [0x00007f0361062ac0, 0x00007f0361062b38]
Event: 0,080 Thread 0x00007f0364291800   10             sun.nio.cs.UTF_8$Decoder::decode (640 bytes)
Event: 0,081 Thread 0x00007f0364286800   11             java.lang.Object::<init> (1 bytes)
Event: 0,082 Thread 0x00007f0364286800 nmethod 11 0x00007f0361066b50 code [0x00007f0361066c80, 0x00007f0361066cf8]
Event: 0,082 Thread 0x00007f0364286800   12             java.lang.String::charAt (29 bytes)
Event: 0,082 Thread 0x00007f0364286800 nmethod 12 0x00007f0361066890 code [0x00007f03610669e0, 0x00007f0361066a78]
Event: 0,088 Thread 0x00007f0364291800 nmethod 10 0x00007f036106c410 code [0x00007f036106c700, 0x00007f036106d4b0]

GC Heap History (0 events):
No events

Deoptimization events (0 events):
No events

Internal exceptions (7 events):
Event: 0,015 Thread 0x00007f0364009000 Threw 0x00000000f000f1a0 at /HUDSON/workspace/7u-2-build-linux-amd64/jdk7u79/2331/hotspot/src/share/vm/prims/jni.cpp:3991
Event: 0,031 Thread 0x00007f0364009000 Threw 0x00000000f004fb90 at /HUDSON/workspace/7u-2-build-linux-amd64/jdk7u79/2331/hotspot/src/share/vm/prims/jvm.cpp:1304
Event: 0,073 Thread 0x00007f0364009000 Threw 0x00000000f014cec8 at /HUDSON/workspace/7u-2-build-linux-amd64/jdk7u79/2331/hotspot/src/share/vm/prims/jvm.cpp:1304
Event: 0,073 Thread 0x00007f0364009000 Threw 0x00000000f014fe00 at /HUDSON/workspace/7u-2-build-linux-amd64/jdk7u79/2331/hotspot/src/share/vm/prims/jvm.cpp:1304
Event: 0,074 Thread 0x00007f0364009000 Threw 0x00000000f01549a0 at /HUDSON/workspace/7u-2-build-linux-amd64/jdk7u79/2331/hotspot/src/share/vm/prims/jvm.cpp:1304
Event: 0,078 Thread 0x00007f0364009000 Threw 0x00000000f0167f60 at /HUDSON/workspace/7u-2-build-linux-amd64/jdk7u79/2331/hotspot/src/share/vm/prims/jvm.cpp:1304
Event: 0,082 Thread 0x00007f0364009000 Threw 0x00000000f0199500 at /HUDSON/workspace/7u-2-build-linux-amd64/jdk7u79/2331/hotspot/src/share/vm/prims/nativeLookup.cpp:378

Events (10 events):
Event: 0,079 loading class 0x00007f0369cd1060
Event: 0,079 loading class 0x00007f0369cd1060 done
Event: 0,079 loading class 0x00007f03642c2d50
Event: 0,079 loading class 0x00007f03642c2d50 done
Event: 0,079 loading class 0x00007f0369c96460
Event: 0,079 loading class 0x00007f0369c96460 done
Event: 0,079 loading class 0x00007f03642c2f80
Event: 0,079 loading class 0x00007f03642c2f80 done
Event: 0,079 loading class 0x00007f0369ca63d0
Event: 0,079 loading class 0x00007f0369ca63d0 done


Dynamic libraries:
00400000-00401000 r-xp 00000000 08:20 258062                             /jdk1.7.0_79/bin/java
00600000-00601000 rw-p 00000000 08:20 258062                             /jdk1.7.0_79/bin/java
016dd000-016fe000 rw-p 00000000 00:00 0                                  [heap]
b8000000-b9500000 rw-p 00000000 00:00 0 
b9500000-d0000000 rw-p 00000000 00:00 0 
d0000000-e0000000 rw-p 00000000 00:00 0 
e0000000-f0000000 rw-p 00000000 00:00 0 
f0000000-f8000000 rw-p 00000000 00:00 0 
f8000000-100000000 rw-p 00000000 00:00 0 
7f0300000000-7f0300021000 rw-p 00000000 00:00 0 
7f0300021000-7f0304000000 ---p 00000000 00:00 0 
7f0308000000-7f030818a000 rw-p 00000000 00:00 0 
7f030818a000-7f030c000000 ---p 00000000 00:00 0 
7f030c000000-7f030c021000 rw-p 00000000 00:00 0 
7f030c021000-7f0310000000 ---p 00000000 00:00 0 
7f0310000000-7f0310021000 rw-p 00000000 00:00 0 
7f0310021000-7f0314000000 ---p 00000000 00:00 0 
7f0314000000-7f0314129000 rw-p 00000000 00:00 0 
7f0314129000-7f0318000000 ---p 00000000 00:00 0 
7f0318000000-7f0318021000 rw-p 00000000 00:00 0 
7f0318021000-7f031c000000 ---p 00000000 00:00 0 
7f031c000000-7f031c021000 rw-p 00000000 00:00 0 
7f031c021000-7f0320000000 ---p 00000000 00:00 0 
7f0320000000-7f0320021000 rw-p 00000000 00:00 0 
7f0320021000-7f0324000000 ---p 00000000 00:00 0 
7f0324000000-7f0324021000 rw-p 00000000 00:00 0 
7f0324021000-7f0328000000 ---p 00000000 00:00 0 
7f0328000000-7f0328021000 rw-p 00000000 00:00 0 
7f0328021000-7f032c000000 ---p 00000000 00:00 0 
7f032d01b000-7f032d087000 rw-p 00000000 00:00 0 
7f032d087000-7f032d0aa000 r--s 00000000 08:20 29158                      /usr/share/mime/mime.cache
7f032d0aa000-7f032d0cf000 r--p 00000000 08:20 43534                      /usr/share/locale-langpack/fr/LC_MESSAGES/libc.mo
7f032d0cf000-7f032d0da000 r--p 00000000 08:20 71156                      /usr/lib/x86_64-linux-gnu/libatk-1.0.so.0.23609.1
7f032d0da000-7f032d0e9000 r-xp 0000b000 08:20 71156                      /usr/lib/x86_64-linux-gnu/libatk-1.0.so.0.23609.1
7f032d0e9000-7f032d0f5000 r--p 0001a000 08:20 71156                      /usr/lib/x86_64-linux-gnu/libatk-1.0.so.0.23609.1
7f032d0f5000-7f032d0f8000 r--p 00025000 08:20 71156                      /usr/lib/x86_64-linux-gnu/libatk-1.0.so.0.23609.1
7f032d0f8000-7f032d0f9000 rw-p 00028000 08:20 71156                      /usr/lib/x86_64-linux-gnu/libatk-1.0.so.0.23609.1
7f032d0f9000-7f032d15d000 r--p 00000000 08:20 101991                     /usr/lib/x86_64-linux-gnu/libgtk-x11-2.0.so.0.2400.33
7f032d15d000-7f032d3ef000 r-xp 00064000 08:20 101991                     /usr/lib/x86_64-linux-gnu/libgtk-x11-2.0.so.0.2400.33
7f032d3ef000-7f032d563000 r--p 002f6000 08:20 101991                     /usr/lib/x86_64-linux-gnu/libgtk-x11-2.0.so.0.2400.33
7f032d563000-7f032d56a000 r--p 00469000 08:20 101991                     /usr/lib/x86_64-linux-gnu/libgtk-x11-2.0.so.0.2400.33
7f032d56a000-7f032d56e000 rw-p 00470000 08:20 101991                     /usr/lib/x86_64-linux-gnu/libgtk-x11-2.0.so.0.2400.33
7f032d56e000-7f032d570000 rw-p 00000000 00:00 0 
7f032d570000-7f032d572000 r--p 00000000 08:20 12722                      /usr/lib/x86_64-linux-gnu/libmd.so.0.0.5
7f032d572000-7f032d579000 r-xp 00002000 08:20 12722                      /usr/lib/x86_64-linux-gnu/libmd.so.0.0.5
7f032d579000-7f032d57b000 r--p 00009000 08:20 12722                      /usr/lib/x86_64-linux-gnu/libmd.so.0.0.5
7f032d57b000-7f032d57c000 r--p 0000a000 08:20 12722                      /usr/lib/x86_64-linux-gnu/libmd.so.0.0.5
7f032d57c000-7f032d57d000 rw-p 0000b000 08:20 12722                      /usr/lib/x86_64-linux-gnu/libmd.so.0.0.5
7f032d57d000-7f032d581000 r--p 00000000 08:20 12494                      /usr/lib/x86_64-linux-gnu/libbsd.so.0.11.5
7f032d581000-7f032d58e000 r-xp 00004000 08:20 12494                      /usr/lib/x86_64-linux-gnu/libbsd.so.0.11.5
7f032d58e000-7f032d591000 r--p 00011000 08:20 12494                      /usr/lib/x86_64-linux-gnu/libbsd.so.0.11.5
7f032d591000-7f032d592000 ---p 00014000 08:20 12494                      /usr/lib/x86_64-linux-gnu/libbsd.so.0.11.5
7f032d592000-7f032d593000 r--p 00014000 08:20 12494                      /usr/lib/x86_64-linux-gnu/libbsd.so.0.11.5
7f032d593000-7f032d594000 rw-p 00015000 08:20 12494                      /usr/lib/x86_64-linux-gnu/libbsd.so.0.11.5
7f032d594000-7f032d595000 rw-p 00000000 00:00 0 
7f032d595000-7f032d596000 r--p 00000000 08:20 12488                      /usr/lib/x86_64-linux-gnu/libbrotlicommon.so.1.0.9
7f032d596000-7f032d597000 r-xp 00001000 08:20 12488                      /usr/lib/x86_64-linux-gnu/libbrotlicommon.so.1.0.9
7f032d597000-7f032d5b6000 r--p 00002000 08:20 12488                      /usr/lib/x86_64-linux-gnu/libbrotlicommon.so.1.0.9
7f032d5b6000-7f032d5b7000 r--p 00020000 08:20 12488                      /usr/lib/x86_64-linux-gnu/libbrotlicommon.so.1.0.9
7f032d5b7000-7f032d5b8000 rw-p 00021000 08:20 12488                      /usr/lib/x86_64-linux-gnu/libbrotlicommon.so.1.0.9
7f032d5b8000-7f032d5ba000 r--p 00000000 08:20 12434                      /usr/lib/x86_64-linux-gnu/libXdmcp.so.6.0.0
7f032d5ba000-7f032d5bc000 r-xp 00002000 08:20 12434                      /usr/lib/x86_64-linux-gnu/libXdmcp.so.6.0.0
7f032d5bc000-7f032d5be000 r--p 00004000 08:20 12434                      /usr/lib/x86_64-linux-gnu/libXdmcp.so.6.0.0
7f032d5be000-7f032d5bf000 r--p 00005000 08:20 12434                      /usr/lib/x86_64-linux-gnu/libXdmcp.so.6.0.0
7f032d5bf000-7f032d5c0000 rw-p 00006000 08:20 12434                      /usr/lib/x86_64-linux-gnu/libXdmcp.so.6.0.0
7f032d5c0000-7f032d5c1000 r--p 00000000 08:20 12490                      /usr/lib/x86_64-linux-gnu/libbrotlidec.so.1.0.9
7f032d5c1000-7f032d5c9000 r-xp 00001000 08:20 12490                      /usr/lib/x86_64-linux-gnu/libbrotlidec.so.1.0.9
7f032d5c9000-7f032d5cc000 r--p 00009000 08:20 12490                      /usr/lib/x86_64-linux-gnu/libbrotlidec.so.1.0.9
7f032d5cc000-7f032d5cd000 r--p 0000b000 08:20 12490                      /usr/lib/x86_64-linux-gnu/libbrotlidec.so.1.0.9
7f032d5cd000-7f032d5ce000 rw-p 0000c000 08:20 12490                      /usr/lib/x86_64-linux-gnu/libbrotlidec.so.1.0.9
7f032d5ce000-7f032d5d0000 r--p 00000000 08:20 12813                      /usr/lib/x86_64-linux-gnu/libpcre2-8.so.0.10.4
7f032d5d0000-7f032d63b000 r-xp 00002000 08:20 12813                      /usr/lib/x86_64-linux-gnu/libpcre2-8.so.0.10.4
7f032d63b000-7f032d663000 r--p 0006d000 08:20 12813                      /usr/lib/x86_64-linux-gnu/libpcre2-8.so.0.10.4
7f032d663000-7f032d664000 r--p 00094000 08:20 12813                      /usr/lib/x86_64-linux-gnu/libpcre2-8.so.0.10.4
7f032d664000-7f032d665000 rw-p 00095000 08:20 12813                      /usr/lib/x86_64-linux-gnu/libpcre2-8.so.0.10.4
7f032d665000-7f032d66c000 r--p 00000000 08:20 12482                      /usr/lib/x86_64-linux-gnu/libblkid.so.1.1.0
7f032d66c000-7f032d68c000 r-xp 00007000 08:20 12482                      /usr/lib/x86_64-linux-gnu/libblkid.so.1.1.0
7f032d68c000-7f032d695000 r--p 00027000 08:20 12482                      /usr/lib/x86_64-linux-gnu/libblkid.so.1.1.0
7f032d695000-7f032d696000 ---p 00030000 08:20 12482                      /usr/lib/x86_64-linux-gnu/libblkid.so.1.1.0
7f032d696000-7f032d69b000 r--p 00030000 08:20 12482                      /usr/lib/x86_64-linux-gnu/libblkid.so.1.1.0
7f032d69b000-7f032d69c000 rw-p 00035000 08:20 12482                      /usr/lib/x86_64-linux-gnu/libblkid.so.1.1.0
7f032d69c000-7f032d69e000 r--p 00000000 08:20 101352                     /usr/lib/x86_64-linux-gnu/libdatrie.so.1.4.0
7f032d69e000-7f032d6a2000 r-xp 00002000 08:20 101352                     /usr/lib/x86_64-linux-gnu/libdatrie.so.1.4.0
7f032d6a2000-7f032d6a3000 r--p 00006000 08:20 101352                     /usr/lib/x86_64-linux-gnu/libdatrie.so.1.4.0
7f032d6a3000-7f032d6a4000 r--p 00007000 08:20 101352                     /usr/lib/x86_64-linux-gnu/libdatrie.so.1.4.0
7f032d6a4000-7f032d6a5000 rw-p 00008000 08:20 101352                     /usr/lib/x86_64-linux-gnu/libdatrie.so.1.4.0
7f032d6a5000-7f032d6a8000 r--p 00000000 08:20 70713                      /usr/lib/x86_64-linux-gnu/libgraphite2.so.3.2.1
7f032d6a8000-7f032d6c5000 r-xp 00003000 08:20 70713                      /usr/lib/x86_64-linux-gnu/libgraphite2.so.3.2.1
7f032d6c5000-7f032d6c9000 r--p 00020000 08:20 70713                      /usr/lib/x86_64-linux-gnu/libgraphite2.so.3.2.1
7f032d6c9000-7f032d6cb000 r--p 00023000 08:20 70713                      /usr/lib/x86_64-linux-gnu/libgraphite2.so.3.2.1
7f032d6cb000-7f032d6cc000 rw-p 00025000 08:20 70713                      /usr/lib/x86_64-linux-gnu/libgraphite2.so.3.2.1
7f032d6cc000-7f032d6d7000 r--p 00000000 08:20 12961                      /usr/lib/x86_64-linux-gnu/libxcb.so.1.1.0
7f032d6d7000-7f032d6eb000 r-xp 0000b000 08:20 12961                      /usr/lib/x86_64-linux-gnu/libxcb.so.1.1.0
7f032d6eb000-7f032d6f4000 r--p 0001f000 08:20 12961                      /usr/lib/x86_64-linux-gnu/libxcb.so.1.1.0
7f032d6f4000-7f032d6f5000 r--p 00027000 08:20 12961                      /usr/lib/x86_64-linux-gnu/libxcb.so.1.1.0
7f032d6f5000-7f032d6f6000 rw-p 00028000 08:20 12961                      /usr/lib/x86_64-linux-gnu/libxcb.so.1.1.0
7f032d6f6000-7f032d700000 r--p 00000000 08:20 101206                     /usr/lib/x86_64-linux-gnu/libpixman-1.so.0.40.0
7f032d700000-7f032d786000 r-xp 0000a000 08:20 101206                     /usr/lib/x86_64-linux-gnu/libpixman-1.so.0.40.0
7f032d786000-7f032d798000 r--p 00090000 08:20 101206                     /usr/lib/x86_64-linux-gnu/libpixman-1.so.0.40.0
7f032d798000-7f032d7a0000 r--p 000a1000 08:20 101206                     /usr/lib/x86_64-linux-gnu/libpixman-1.so.0.40.0
7f032d7a0000-7f032d7a1000 rw-p 000a9000 08:20 101206                     /usr/lib/x86_64-linux-gnu/libpixman-1.so.0.40.0
7f032d7a1000-7f032d7a5000 r--p 00000000 08:20 47878                      /usr/lib/x86_64-linux-gnu/libjpeg.so.8.2.2
7f032d7a5000-7f032d7ee000 r-xp 00004000 08:20 47878                      /usr/lib/x86_64-linux-gnu/libjpeg.so.8.2.2
7f032d7ee000-7f032d820000 r--p 0004d000 08:20 47878                      /usr/lib/x86_64-linux-gnu/libjpeg.so.8.2.2
7f032d820000-7f032d821000 r--p 0007e000 08:20 47878                      /usr/lib/x86_64-linux-gnu/libjpeg.so.8.2.2
7f032d821000-7f032d822000 rw-p 0007f000 08:20 47878                      /usr/lib/x86_64-linux-gnu/libjpeg.so.8.2.2
7f032d822000-7f032d827000 r--p 00000000 08:20 12831                      /usr/lib/x86_64-linux-gnu/libpng16.so.16.37.0
7f032d827000-7f032d850000 r-xp 00005000 08:20 12831                      /usr/lib/x86_64-linux-gnu/libpng16.so.16.37.0
7f032d850000-7f032d85b000 r--p 0002e000 08:20 12831                      /usr/lib/x86_64-linux-gnu/libpng16.so.16.37.0
7f032d85b000-7f032d85c000 r--p 00038000 08:20 12831                      /usr/lib/x86_64-linux-gnu/libpng16.so.16.37.0
7f032d85c000-7f032d85d000 rw-p 00039000 08:20 12831                      /usr/lib/x86_64-linux-gnu/libpng16.so.16.37.0
7f032d85d000-7f032d861000 r--p 00000000 08:20 12561                      /usr/lib/x86_64-linux-gnu/libexpat.so.1.8.7
7f032d861000-7f032d880000 r-xp 00004000 08:20 12561                      /usr/lib/x86_64-linux-gnu/libexpat.so.1.8.7
7f032d880000-7f032d88a000 r--p 00023000 08:20 12561                      /usr/lib/x86_64-linux-gnu/libexpat.so.1.8.7
7f032d88a000-7f032d88b000 ---p 0002d000 08:20 12561                      /usr/lib/x86_64-linux-gnu/libexpat.so.1.8.7
7f032d88b000-7f032d88d000 r--p 0002d000 08:20 12561                      /usr/lib/x86_64-linux-gnu/libexpat.so.1.8.7
7f032d88d000-7f032d88e000 rw-p 0002f000 08:20 12561                      /usr/lib/x86_64-linux-gnu/libexpat.so.1.8.7
7f032d88e000-7f032d89b000 r--p 00000000 08:20 12587                      /usr/lib/x86_64-linux-gnu/libfreetype.so.6.18.1
7f032d89b000-7f032d924000 r-xp 0000d000 08:20 12587                      /usr/lib/x86_64-linux-gnu/libfreetype.so.6.18.1
7f032d924000-7f032d94d000 r--p 00096000 08:20 12587                      /usr/lib/x86_64-linux-gnu/libfreetype.so.6.18.1
7f032d94d000-7f032d94e000 ---p 000bf000 08:20 12587                      /usr/lib/x86_64-linux-gnu/libfreetype.so.6.18.1
7f032d94e000-7f032d955000 r--p 000bf000 08:20 12587                      /usr/lib/x86_64-linux-gnu/libfreetype.so.6.18.1
7f032d955000-7f032d956000 rw-p 000c6000 08:20 12587                      /usr/lib/x86_64-linux-gnu/libfreetype.so.6.18.1
7f032d956000-7f032d95c000 r--p 00000000 08:20 12856                      /usr/lib/x86_64-linux-gnu/libselinux.so.1
7f032d95c000-7f032d976000 r-xp 00006000 08:20 12856                      /usr/lib/x86_64-linux-gnu/libselinux.so.1
7f032d976000-7f032d97d000 r--p 00020000 08:20 12856                      /usr/lib/x86_64-linux-gnu/libselinux.so.1
7f032d97d000-7f032d97e000 ---p 00027000 08:20 12856                      /usr/lib/x86_64-linux-gnu/libselinux.so.1
7f032d97e000-7f032d97f000 r--p 00027000 08:20 12856                      /usr/lib/x86_64-linux-gnu/libselinux.so.1
7f032d97f000-7f032d980000 rw-p 00028000 08:20 12856                      /usr/lib/x86_64-linux-gnu/libselinux.so.1
7f032d980000-7f032d982000 rw-p 00000000 00:00 0 
7f032d982000-7f032d98a000 r--p 00000000 08:20 12733                      /usr/lib/x86_64-linux-gnu/libmount.so.1.1.0
7f032d98a000-7f032d9b6000 r-xp 00008000 08:20 12733                      /usr/lib/x86_64-linux-gnu/libmount.so.1.1.0
7f032d9b6000-7f032d9c3000 r--p 00034000 08:20 12733                      /usr/lib/x86_64-linux-gnu/libmount.so.1.1.0
7f032d9c3000-7f032d9c4000 ---p 00041000 08:20 12733                      /usr/lib/x86_64-linux-gnu/libmount.so.1.1.0
7f032d9c4000-7f032d9c5000 r--p 00041000 08:20 12733                      /usr/lib/x86_64-linux-gnu/libmount.so.1.1.0
7f032d9c5000-7f032d9c6000 rw-p 00042000 08:20 12733                      /usr/lib/x86_64-linux-gnu/libmount.so.1.1.0
7f032d9c6000-7f032d9cf000 r--p 00000000 08:20 70727                      /usr/lib/x86_64-linux-gnu/libharfbuzz.so.0.20704.0
7f032d9cf000-7f032da60000 r-xp 00009000 08:20 70727                      /usr/lib/x86_64-linux-gnu/libharfbuzz.so.0.20704.0
7f032da60000-7f032da92000 r--p 0009a000 08:20 70727                      /usr/lib/x86_64-linux-gnu/libharfbuzz.so.0.20704.0
7f032da92000-7f032da93000 ---p 000cc000 08:20 70727                      /usr/lib/x86_64-linux-gnu/libharfbuzz.so.0.20704.0
7f032da93000-7f032da94000 r--p 000cc000 08:20 70727                      /usr/lib/x86_64-linux-gnu/libharfbuzz.so.0.20704.0
7f032da94000-7f032da95000 rw-p 000cd000 08:20 70727                      /usr/lib/x86_64-linux-gnu/libharfbuzz.so.0.20704.0
7f032da95000-7f032daae000 r--p 00000000 08:20 12430                      /usr/lib/x86_64-linux-gnu/libX11.so.6.4.0
7f032daae000-7f032db3a000 r-xp 00019000 08:20 12430                      /usr/lib/x86_64-linux-gnu/libX11.so.6.4.0
7f032db3a000-7f032dbcf000 r--p 000a5000 08:20 12430                      /usr/lib/x86_64-linux-gnu/libX11.so.6.4.0
7f032dbcf000-7f032dbd0000 ---p 0013a000 08:20 12430                      /usr/lib/x86_64-linux-gnu/libX11.so.6.4.0
7f032dbd0000-7f032dbd1000 r--p 0013a000 08:20 12430                      /usr/lib/x86_64-linux-gnu/libX11.so.6.4.0
7f032dbd1000-7f032dbd5000 rw-p 0013b000 08:20 12430                      /usr/lib/x86_64-linux-gnu/libX11.so.6.4.0
7f032dbd5000-7f032dbe7000 r--p 00000000 08:20 101233                     /usr/lib/x86_64-linux-gnu/libcairo.so.2.11600.0
7f032dbe7000-7f032dcba000 r-xp 00012000 08:20 101233                     /usr/lib/x86_64-linux-gnu/libcairo.so.2.11600.0
7f032dcba000-7f032dcf7000 r--p 000e5000 08:20 101233                     /usr/lib/x86_64-linux-gnu/libcairo.so.2.11600.0
7f032dcf7000-7f032dcfb000 r--p 00121000 08:20 101233                     /usr/lib/x86_64-linux-gnu/libcairo.so.2.11600.0
7f032dcfb000-7f032dcfc000 rw-p 00125000 08:20 101233                     /usr/lib/x86_64-linux-gnu/libcairo.so.2.11600.0
7f032dcfc000-7f032dcfd000 rw-p 00000000 00:00 0 
7f032dcfd000-7f032dd05000 r--p 00000000 08:20 87583                      /usr/lib/x86_64-linux-gnu/libgdk_pixbuf-2.0.so.0.4200.8
7f032dd05000-7f032dd20000 r-xp 00008000 08:20 87583                      /usr/lib/x86_64-linux-gnu/libgdk_pixbuf-2.0.so.0.4200.8
7f032dd20000-7f032dd2a000 r--p 00023000 08:20 87583                      /usr/lib/x86_64-linux-gnu/libgdk_pixbuf-2.0.so.0.4200.8
7f032dd2a000-7f032dd2b000 ---p 0002d000 08:20 87583                      /usr/lib/x86_64-linux-gnu/libgdk_pixbuf-2.0.so.0.4200.8
7f032dd2b000-7f032dd2c000 r--p 0002d000 08:20 87583                      /usr/lib/x86_64-linux-gnu/libgdk_pixbuf-2.0.so.0.4200.8
7f032dd2c000-7f032dd2d000 rw-p 0002e000 08:20 87583                      /usr/lib/x86_64-linux-gnu/libgdk_pixbuf-2.0.so.0.4200.8
7f032dd2d000-7f032dd65000 r--p 00000000 08:20 12608                      /usr/lib/x86_64-linux-gnu/libgio-2.0.so.0.7200.1
7f032dd65000-7f032de75000 r-xp 00038000 08:20 12608                      /usr/lib/x86_64-linux-gnu/libgio-2.0.so.0.7200.1
7f032de75000-7f032defa000 r--p 00148000 08:20 12608                      /usr/lib/x86_64-linux-gnu/libgio-2.0.so.0.7200.1
7f032defa000-7f032df02000 r--p 001cc000 08:20 12608                      /usr/lib/x86_64-linux-gnu/libgio-2.0.so.0.7200.1
7f032df02000-7f032df03000 rw-p 001d4000 08:20 12608                      /usr/lib/x86_64-linux-gnu/libgio-2.0.so.0.7200.1
7f032df03000-7f032df05000 rw-p 00000000 00:00 0 
7f032df05000-7f032df21000 r--p 00000000 08:20 101990                     /usr/lib/x86_64-linux-gnu/libgdk-x11-2.0.so.0.2400.33
7f032df21000-7f032df86000 r-xp 0001c000 08:20 101990                     /usr/lib/x86_64-linux-gnu/libgdk-x11-2.0.so.0.2400.33
7f032df86000-7f032dfc0000 r--p 00081000 08:20 101990                     /usr/lib/x86_64-linux-gnu/libgdk-x11-2.0.so.0.2400.33
7f032dfc0000-7f032dfc4000 r--p 000ba000 08:20 101990                     /usr/lib/x86_64-linux-gnu/libgdk-x11-2.0.so.0.2400.33
7f032dfc4000-7f032dfc6000 rw-p 000be000 08:20 101990                     /usr/lib/x86_64-linux-gnu/libgdk-x11-2.0.so.0.2400.33
7f032dfc6000-7f032dfe3000 r--p 00000000 08:20 12612                      /usr/lib/x86_64-linux-gnu/libglib-2.0.so.0.7200.1
7f032dfe3000-7f032e072000 r-xp 0001d000 08:20 12612                      /usr/lib/x86_64-linux-gnu/libglib-2.0.so.0.7200.1
7f032e072000-7f032e0fc000 r--p 000ac000 08:20 12612                      /usr/lib/x86_64-linux-gnu/libglib-2.0.so.0.7200.1
7f032e0fc000-7f032e0fd000 ---p 00136000 08:20 12612                      /usr/lib/x86_64-linux-gnu/libglib-2.0.so.0.7200.1
7f032e0fd000-7f032e0fe000 r--p 00136000 08:20 12612                      /usr/lib/x86_64-linux-gnu/libglib-2.0.so.0.7200.1
7f032e0fe000-7f032e0ff000 rw-p 00137000 08:20 12612                      /usr/lib/x86_64-linux-gnu/libglib-2.0.so.0.7200.1
7f032e0ff000-7f032e100000 rw-p 00000000 00:00 0 
7f032e100000-7f032e10f000 r-xp 00000000 08:20 260322                     /tmp/MuleStudio/plugins/org.eclipse.equinox.launcher.gtk.linux.x86_64_1.1.1.R36x_v20100810/eclipse_1309.so
7f032e10f000-7f032e20e000 ---p 0000f000 08:20 260322                     /tmp/MuleStudio/plugins/org.eclipse.equinox.launcher.gtk.linux.x86_64_1.1.1.R36x_v20100810/eclipse_1309.so
7f032e20e000-7f032e210000 rw-p 0000e000 08:20 260322                     /tmp/MuleStudio/plugins/org.eclipse.equinox.launcher.gtk.linux.x86_64_1.1.1.R36x_v20100810/eclipse_1309.so
7f032e211000-7f032e216000 r--p 00000000 08:20 101220                     /usr/lib/x86_64-linux-gnu/libxcb-render.so.0.0.0
7f032e216000-7f032e21b000 r-xp 00005000 08:20 101220                     /usr/lib/x86_64-linux-gnu/libxcb-render.so.0.0.0
7f032e21b000-7f032e21d000 r--p 0000a000 08:20 101220                     /usr/lib/x86_64-linux-gnu/libxcb-render.so.0.0.0
7f032e21d000-7f032e21e000 ---p 0000c000 08:20 101220                     /usr/lib/x86_64-linux-gnu/libxcb-render.so.0.0.0
7f032e21e000-7f032e21f000 r--p 0000c000 08:20 101220                     /usr/lib/x86_64-linux-gnu/libxcb-render.so.0.0.0
7f032e21f000-7f032e220000 rw-p 0000d000 08:20 101220                     /usr/lib/x86_64-linux-gnu/libxcb-render.so.0.0.0
7f032e220000-7f032e222000 r--p 00000000 08:20 12979                      /usr/lib/x86_64-linux-gnu/libz.so.1.2.11
7f032e222000-7f032e233000 r-xp 00002000 08:20 12979                      /usr/lib/x86_64-linux-gnu/libz.so.1.2.11
7f032e233000-7f032e239000 r--p 00013000 08:20 12979                      /usr/lib/x86_64-linux-gnu/libz.so.1.2.11
7f032e239000-7f032e23a000 ---p 00019000 08:20 12979                      /usr/lib/x86_64-linux-gnu/libz.so.1.2.11
7f032e23a000-7f032e23b000 r--p 00019000 08:20 12979                      /usr/lib/x86_64-linux-gnu/libz.so.1.2.11
7f032e23b000-7f032e23c000 rw-p 0001a000 08:20 12979                      /usr/lib/x86_64-linux-gnu/libz.so.1.2.11
7f032e23c000-7f032e243000 r--p 00000000 08:20 47865                      /usr/lib/x86_64-linux-gnu/libfontconfig.so.1.12.0
7f032e243000-7f032e26c000 r-xp 00007000 08:20 47865                      /usr/lib/x86_64-linux-gnu/libfontconfig.so.1.12.0
7f032e26c000-7f032e282000 r--p 00030000 08:20 47865                      /usr/lib/x86_64-linux-gnu/libfontconfig.so.1.12.0
7f032e282000-7f032e283000 ---p 00046000 08:20 47865                      /usr/lib/x86_64-linux-gnu/libfontconfig.so.1.12.0
7f032e283000-7f032e285000 r--p 00046000 08:20 47865                      /usr/lib/x86_64-linux-gnu/libfontconfig.so.1.12.0
7f032e285000-7f032e286000 rw-p 00048000 08:20 47865                      /usr/lib/x86_64-linux-gnu/libfontconfig.so.1.12.0
7f032e286000-7f032e287000 ---p 00000000 00:00 0 
7f032e287000-7f032e387000 rw-p 00000000 00:00 0 
7f032e387000-7f032e38a000 ---p 00000000 00:00 0 
7f032e38a000-7f032e487000 rw-p 00000000 00:00 0 
7f032e487000-7f032e488000 ---p 00000000 00:00 0 
7f032e488000-7f032e48b000 ---p 00000000 00:00 0 
7f032e48b000-7f032e588000 rw-p 00000000 00:00 0 
7f032e588000-7f032e589000 ---p 00000000 00:00 0 
7f032e589000-7f032e58c000 ---p 00000000 00:00 0 
7f032e58c000-7f032e689000 rw-p 00000000 00:00 0 
7f032e689000-7f032e68c000 ---p 00000000 00:00 0 
7f032e68c000-7f032e789000 rw-p 00000000 00:00 0 
7f032e789000-7f032ecef000 r--p 00000000 08:20 2896                       /usr/lib/locale/locale-archive
7f032ecef000-7f032ecf2000 ---p 00000000 00:00 0 
7f032ecf2000-7f032edef000 rw-p 00000000 00:00 0 
7f032edef000-7f032edf2000 ---p 00000000 00:00 0 
7f032edf2000-7f032eeef000 rw-p 00000000 00:00 0 
7f032eeef000-7f032eef0000 ---p 00000000 00:00 0 
7f032eef0000-7f0330000000 rw-p 00000000 00:00 0 
7f0330000000-7f0330021000 rw-p 00000000 00:00 0 
7f0330021000-7f0334000000 ---p 00000000 00:00 0 
7f0334000000-7f0334021000 rw-p 00000000 00:00 0 
7f0334021000-7f0338000000 ---p 00000000 00:00 0 
7f0338000000-7f0338021000 rw-p 00000000 00:00 0 
7f0338021000-7f033c000000 ---p 00000000 00:00 0 
7f033c000000-7f033c021000 rw-p 00000000 00:00 0 
7f033c021000-7f0340000000 ---p 00000000 00:00 0 
7f0340000000-7f0340021000 rw-p 00000000 00:00 0 
7f0340021000-7f0344000000 ---p 00000000 00:00 0 
7f0344000000-7f0344021000 rw-p 00000000 00:00 0 
7f0344021000-7f0348000000 ---p 00000000 00:00 0 
7f0348000000-7f0348021000 rw-p 00000000 00:00 0 
7f0348021000-7f034c000000 ---p 00000000 00:00 0 
7f034c000000-7f034c021000 rw-p 00000000 00:00 0 
7f034c021000-7f0350000000 ---p 00000000 00:00 0 
7f0350001000-7f0350003000 r--p 00000000 08:20 12949                      /usr/lib/x86_64-linux-gnu/libuuid.so.1.3.0
7f0350003000-7f0350007000 r-xp 00002000 08:20 12949                      /usr/lib/x86_64-linux-gnu/libuuid.so.1.3.0
7f0350007000-7f0350008000 r--p 00006000 08:20 12949                      /usr/lib/x86_64-linux-gnu/libuuid.so.1.3.0
7f0350008000-7f0350009000 r--p 00006000 08:20 12949                      /usr/lib/x86_64-linux-gnu/libuuid.so.1.3.0
7f0350009000-7f035000a000 rw-p 00007000 08:20 12949                      /usr/lib/x86_64-linux-gnu/libuuid.so.1.3.0
7f035000a000-7f035000c000 r--p 00000000 08:20 12589                      /usr/lib/x86_64-linux-gnu/libfribidi.so.0.4.0
7f035000c000-7f035000f000 r-xp 00002000 08:20 12589                      /usr/lib/x86_64-linux-gnu/libfribidi.so.0.4.0
7f035000f000-7f0350024000 r--p 00005000 08:20 12589                      /usr/lib/x86_64-linux-gnu/libfribidi.so.0.4.0
7f0350024000-7f0350025000 r--p 00019000 08:20 12589                      /usr/lib/x86_64-linux-gnu/libfribidi.so.0.4.0
7f0350025000-7f0350026000 rw-p 0001a000 08:20 12589                      /usr/lib/x86_64-linux-gnu/libfribidi.so.0.4.0
7f0350026000-7f0351a40000 rw-p 00000000 00:00 0 
7f0351a40000-7f0351c00000 r--s 039f7000 08:20 256719                     /jdk1.7.0_79/jre/lib/rt.jar
7f0351c00000-7f0354000000 rw-p 00000000 00:00 0 
7f0354000000-7f0354021000 rw-p 00000000 00:00 0 
7f0354021000-7f0358000000 ---p 00000000 00:00 0 
7f0358000000-7f0358021000 rw-p 00000000 00:00 0 
7f0358021000-7f035c000000 ---p 00000000 00:00 0 
7f035c000000-7f035c021000 rw-p 00000000 00:00 0 
7f035c021000-7f0360000000 ---p 00000000 00:00 0 
7f0360000000-7f0360001000 r--p 00000000 08:20 12432                      /usr/lib/x86_64-linux-gnu/libXau.so.6.0.0
7f0360001000-7f0360003000 r-xp 00001000 08:20 12432                      /usr/lib/x86_64-linux-gnu/libXau.so.6.0.0
7f0360003000-7f0360004000 r--p 00003000 08:20 12432                      /usr/lib/x86_64-linux-gnu/libXau.so.6.0.0
7f0360004000-7f0360005000 r--p 00003000 08:20 12432                      /usr/lib/x86_64-linux-gnu/libXau.so.6.0.0
7f0360005000-7f0360006000 rw-p 00004000 08:20 12432                      /usr/lib/x86_64-linux-gnu/libXau.so.6.0.0
7f0360006000-7f0360008000 r--p 00000000 08:20 12614                      /usr/lib/x86_64-linux-gnu/libgmodule-2.0.so.0.7200.1
7f0360008000-7f036000a000 r-xp 00002000 08:20 12614                      /usr/lib/x86_64-linux-gnu/libgmodule-2.0.so.0.7200.1
7f036000a000-7f036000b000 r--p 00004000 08:20 12614                      /usr/lib/x86_64-linux-gnu/libgmodule-2.0.so.0.7200.1
7f036000b000-7f036000c000 r--p 00004000 08:20 12614                      /usr/lib/x86_64-linux-gnu/libgmodule-2.0.so.0.7200.1
7f036000c000-7f036000d000 rw-p 00005000 08:20 12614                      /usr/lib/x86_64-linux-gnu/libgmodule-2.0.so.0.7200.1
7f036000d000-7f036001f000 r--p 00000000 08:20 101380                     /usr/lib/x86_64-linux-gnu/libpango-1.0.so.0.5000.6
7f036001f000-7f0360054000 r-xp 00012000 08:20 101380                     /usr/lib/x86_64-linux-gnu/libpango-1.0.so.0.5000.6
7f0360054000-7f036006f000 r--p 00047000 08:20 101380                     /usr/lib/x86_64-linux-gnu/libpango-1.0.so.0.5000.6
7f036006f000-7f0360073000 r--p 00061000 08:20 101380                     /usr/lib/x86_64-linux-gnu/libpango-1.0.so.0.5000.6
7f0360073000-7f0360074000 rw-p 00065000 08:20 101380                     /usr/lib/x86_64-linux-gnu/libpango-1.0.so.0.5000.6
7f0360074000-7f03602b4000 rw-p 00000000 00:00 0 
7f03602b4000-7f03602b5000 ---p 00000000 00:00 0 
7f03602b5000-7f03603b5000 rw-p 00000000 00:00 0 
7f03603b5000-7f03603b6000 ---p 00000000 00:00 0 
7f03603b6000-7f03604b6000 rw-p 00000000 00:00 0 
7f03604b6000-7f03604b7000 ---p 00000000 00:00 0 
7f03604b7000-7f03605b7000 rw-p 00000000 00:00 0 
7f03605b7000-7f03605b8000 ---p 00000000 00:00 0 
7f03605b8000-7f03606b8000 rw-p 00000000 00:00 0 
7f03606b8000-7f03606b9000 ---p 00000000 00:00 0 
7f03606b9000-7f03607b9000 rw-p 00000000 00:00 0 
7f03607b9000-7f03607ba000 ---p 00000000 00:00 0 
7f03607ba000-7f03608ba000 rw-p 00000000 00:00 0 
7f03608ba000-7f03608bb000 ---p 00000000 00:00 0 
7f03608bb000-7f03609bb000 rw-p 00000000 00:00 0 
7f03609bb000-7f03609bc000 ---p 00000000 00:00 0 
7f03609bc000-7f0360abc000 rw-p 00000000 00:00 0 
7f0360abc000-7f0360abd000 ---p 00000000 00:00 0 
7f0360abd000-7f0360bbd000 rw-p 00000000 00:00 0 
7f0360bbd000-7f0360bbe000 ---p 00000000 00:00 0 
7f0360bbe000-7f0360cbe000 rw-p 00000000 00:00 0 
7f0360cbe000-7f0360cbf000 ---p 00000000 00:00 0 
7f0360cbf000-7f0360dca000 rw-p 00000000 00:00 0 
7f0360dca000-7f0360e7f000 rw-p 00000000 00:00 0 
7f0360e7f000-7f0360eff000 rw-p 00000000 00:00 0 
7f0360eff000-7f0360f7f000 rw-p 00000000 00:00 0 
7f0360f7f000-7f0360fbf000 rw-p 00000000 00:00 0 
7f0360fbf000-7f0360fff000 rw-p 00000000 00:00 0 
7f0360fff000-7f0361000000 rw-p 00000000 00:00 0 
7f0361000000-7f0361270000 rwxp 00000000 00:00 0 
7f0361270000-7f03643ad000 rw-p 00000000 00:00 0 
7f03643ad000-7f0368000000 ---p 00000000 00:00 0 
7f0368003000-7f0368005000 r--p 00000000 08:20 101367                     /usr/lib/x86_64-linux-gnu/libthai.so.0.3.1
7f0368005000-7f0368009000 r-xp 00002000 08:20 101367                     /usr/lib/x86_64-linux-gnu/libthai.so.0.3.1
7f0368009000-7f036800c000 r--p 00006000 08:20 101367                     /usr/lib/x86_64-linux-gnu/libthai.so.0.3.1
7f036800c000-7f036800d000 r--p 00008000 08:20 101367                     /usr/lib/x86_64-linux-gnu/libthai.so.0.3.1
7f036800d000-7f036800e000 rw-p 00009000 08:20 101367                     /usr/lib/x86_64-linux-gnu/libthai.so.0.3.1
7f036800e000-7f0368015000 r--p 00000000 08:20 101396                     /usr/lib/x86_64-linux-gnu/libpangoft2-1.0.so.0.5000.6
7f0368015000-7f0368022000 r-xp 00007000 08:20 101396                     /usr/lib/x86_64-linux-gnu/libpangoft2-1.0.so.0.5000.6
7f0368022000-7f0368026000 r--p 00014000 08:20 101396                     /usr/lib/x86_64-linux-gnu/libpangoft2-1.0.so.0.5000.6
7f0368026000-7f0368027000 ---p 00018000 08:20 101396                     /usr/lib/x86_64-linux-gnu/libpangoft2-1.0.so.0.5000.6
7f0368027000-7f0368028000 r--p 00018000 08:20 101396                     /usr/lib/x86_64-linux-gnu/libpangoft2-1.0.so.0.5000.6
7f0368028000-7f0368029000 rw-p 00019000 08:20 101396                     /usr/lib/x86_64-linux-gnu/libpangoft2-1.0.so.0.5000.6
7f0368029000-7f036802b000 r--p 00000000 08:20 12811                      /usr/lib/x86_64-linux-gnu/libpcre.so.3.13.3
7f036802b000-7f0368080000 r-xp 00002000 08:20 12811                      /usr/lib/x86_64-linux-gnu/libpcre.so.3.13.3
7f0368080000-7f036809d000 r--p 00057000 08:20 12811                      /usr/lib/x86_64-linux-gnu/libpcre.so.3.13.3
7f036809d000-7f036809e000 r--p 00073000 08:20 12811                      /usr/lib/x86_64-linux-gnu/libpcre.so.3.13.3
7f036809e000-7f036809f000 rw-p 00074000 08:20 12811                      /usr/lib/x86_64-linux-gnu/libpcre.so.3.13.3
7f036809f000-7f03680ae000 r--p 00000000 08:20 12620                      /usr/lib/x86_64-linux-gnu/libgobject-2.0.so.0.7200.1
7f03680ae000-7f03680e1000 r-xp 0000f000 08:20 12620                      /usr/lib/x86_64-linux-gnu/libgobject-2.0.so.0.7200.1
7f03680e1000-7f03680fb000 r--p 00042000 08:20 12620                      /usr/lib/x86_64-linux-gnu/libgobject-2.0.so.0.7200.1
7f03680fb000-7f03680fe000 r--p 0005b000 08:20 12620                      /usr/lib/x86_64-linux-gnu/libgobject-2.0.so.0.7200.1
7f03680fe000-7f03680ff000 rw-p 0005e000 08:20 12620                      /usr/lib/x86_64-linux-gnu/libgobject-2.0.so.0.7200.1
7f03680ff000-7f0368100000 ---p 00000000 00:00 0 
7f0368100000-7f0368200000 rw-p 00000000 00:00 0 
7f0368200000-7f036821a000 r-xp 00000000 08:20 256067                     /jdk1.7.0_79/jre/lib/amd64/libzip.so
7f036821a000-7f036841a000 ---p 0001a000 08:20 256067                     /jdk1.7.0_79/jre/lib/amd64/libzip.so
7f036841a000-7f036841b000 rw-p 0001a000 08:20 256067                     /jdk1.7.0_79/jre/lib/amd64/libzip.so
7f036841c000-7f036841d000 r--p 00000000 08:20 71292                      /usr/lib/x86_64-linux-gnu/libxcb-shm.so.0.0.0
7f036841d000-7f036841e000 r-xp 00001000 08:20 71292                      /usr/lib/x86_64-linux-gnu/libxcb-shm.so.0.0.0
7f036841e000-7f036841f000 r--p 00002000 08:20 71292                      /usr/lib/x86_64-linux-gnu/libxcb-shm.so.0.0.0
7f036841f000-7f0368420000 r--p 00002000 08:20 71292                      /usr/lib/x86_64-linux-gnu/libxcb-shm.so.0.0.0
7f0368420000-7f0368421000 rw-p 00003000 08:20 71292                      /usr/lib/x86_64-linux-gnu/libxcb-shm.so.0.0.0
7f0368421000-7f0368425000 r--p 00000000 08:20 12436                      /usr/lib/x86_64-linux-gnu/libXext.so.6.4.0
7f0368425000-7f0368430000 r-xp 00004000 08:20 12436                      /usr/lib/x86_64-linux-gnu/libXext.so.6.4.0
7f0368430000-7f0368434000 r--p 0000f000 08:20 12436                      /usr/lib/x86_64-linux-gnu/libXext.so.6.4.0
7f0368434000-7f0368435000 r--p 00012000 08:20 12436                      /usr/lib/x86_64-linux-gnu/libXext.so.6.4.0
7f0368435000-7f0368436000 rw-p 00013000 08:20 12436                      /usr/lib/x86_64-linux-gnu/libXext.so.6.4.0
7f0368436000-7f0368438000 r--p 00000000 08:20 71331                      /usr/lib/x86_64-linux-gnu/libXfixes.so.3.1.0
7f0368438000-7f036843b000 r-xp 00002000 08:20 71331                      /usr/lib/x86_64-linux-gnu/libXfixes.so.3.1.0
7f036843b000-7f036843c000 r--p 00005000 08:20 71331                      /usr/lib/x86_64-linux-gnu/libXfixes.so.3.1.0
7f036843c000-7f036843d000 r--p 00006000 08:20 71331                      /usr/lib/x86_64-linux-gnu/libXfixes.so.3.1.0
7f036843d000-7f036843e000 rw-p 00007000 08:20 71331                      /usr/lib/x86_64-linux-gnu/libXfixes.so.3.1.0
7f036843e000-7f03684ff000 rw-p 00000000 00:00 0 
7f03684ff000-7f0368500000 ---p 00000000 00:00 0 
7f0368500000-7f0368600000 rw-p 00000000 00:00 0 
7f0368600000-7f0368629000 r-xp 00000000 08:20 256033                     /jdk1.7.0_79/jre/lib/amd64/libjava.so
7f0368629000-7f0368829000 ---p 00029000 08:20 256033                     /jdk1.7.0_79/jre/lib/amd64/libjava.so
7f0368829000-7f036882b000 rw-p 00029000 08:20 256033                     /jdk1.7.0_79/jre/lib/amd64/libjava.so
7f036882f000-7f0368830000 r--p 00000000 08:20 101956                     /usr/lib/x86_64-linux-gnu/libXdamage.so.1.1.0
7f0368830000-7f0368831000 r-xp 00001000 08:20 101956                     /usr/lib/x86_64-linux-gnu/libXdamage.so.1.1.0
7f0368831000-7f0368832000 r--p 00002000 08:20 101956                     /usr/lib/x86_64-linux-gnu/libXdamage.so.1.1.0
7f0368832000-7f0368833000 r--p 00002000 08:20 101956                     /usr/lib/x86_64-linux-gnu/libXdamage.so.1.1.0
7f0368833000-7f0368834000 rw-p 00003000 08:20 101956                     /usr/lib/x86_64-linux-gnu/libXdamage.so.1.1.0
7f0368834000-7f0368836000 r--p 00000000 08:20 101944                     /usr/lib/x86_64-linux-gnu/libXcursor.so.1.0.2
7f0368836000-7f036883c000 r-xp 00002000 08:20 101944                     /usr/lib/x86_64-linux-gnu/libXcursor.so.1.0.2
7f036883c000-7f036883e000 r--p 00008000 08:20 101944                     /usr/lib/x86_64-linux-gnu/libXcursor.so.1.0.2
7f036883e000-7f036883f000 r--p 00009000 08:20 101944                     /usr/lib/x86_64-linux-gnu/libXcursor.so.1.0.2
7f036883f000-7f0368840000 rw-p 0000a000 08:20 101944                     /usr/lib/x86_64-linux-gnu/libXcursor.so.1.0.2
7f0368840000-7f036884b000 rw-p 00000000 00:00 0 
7f036884b000-7f0368900000 rw-p 00000000 00:00 0 
7f0368900000-7f0368980000 rw-p 00000000 00:00 0 
7f0368980000-7f0368a00000 rw-p 00000000 00:00 0 
7f0368a00000-7f0368a0d000 r-xp 00000000 08:20 256060                     /jdk1.7.0_79/jre/lib/amd64/libverify.so
7f0368a0d000-7f0368c0c000 ---p 0000d000 08:20 256060                     /jdk1.7.0_79/jre/lib/amd64/libverify.so
7f0368c0c000-7f0368c0e000 rw-p 0000c000 08:20 256060                     /jdk1.7.0_79/jre/lib/amd64/libverify.so
7f0368c11000-7f0368c13000 r--p 00000000 08:20 71668                      /usr/lib/x86_64-linux-gnu/libXrandr.so.2.2.0
7f0368c13000-7f0368c1a000 r-xp 00002000 08:20 71668                      /usr/lib/x86_64-linux-gnu/libXrandr.so.2.2.0
7f0368c1a000-7f0368c1c000 r--p 00009000 08:20 71668                      /usr/lib/x86_64-linux-gnu/libXrandr.so.2.2.0
7f0368c1c000-7f0368c1d000 r--p 0000a000 08:20 71668                      /usr/lib/x86_64-linux-gnu/libXrandr.so.2.2.0
7f0368c1d000-7f0368c1e000 rw-p 0000b000 08:20 71668                      /usr/lib/x86_64-linux-gnu/libXrandr.so.2.2.0
7f0368c1e000-7f0368c21000 r--p 00000000 08:20 70417                      /usr/lib/x86_64-linux-gnu/libXi.so.6.1.0
7f0368c21000-7f0368c2d000 r-xp 00003000 08:20 70417                      /usr/lib/x86_64-linux-gnu/libXi.so.6.1.0
7f0368c2d000-7f0368c30000 r--p 0000f000 08:20 70417                      /usr/lib/x86_64-linux-gnu/libXi.so.6.1.0
7f0368c30000-7f0368c31000 r--p 00011000 08:20 70417                      /usr/lib/x86_64-linux-gnu/libXi.so.6.1.0
7f0368c31000-7f0368c32000 rw-p 00012000 08:20 70417                      /usr/lib/x86_64-linux-gnu/libXi.so.6.1.0
7f0368c32000-7f0368c34000 r--p 00000000 08:20 71619                      /usr/lib/x86_64-linux-gnu/libXrender.so.1.3.0
7f0368c34000-7f0368c3b000 r-xp 00002000 08:20 71619                      /usr/lib/x86_64-linux-gnu/libXrender.so.1.3.0
7f0368c3b000-7f0368c3d000 r--p 00009000 08:20 71619                      /usr/lib/x86_64-linux-gnu/libXrender.so.1.3.0
7f0368c3d000-7f0368c3e000 r--p 0000a000 08:20 71619                      /usr/lib/x86_64-linux-gnu/libXrender.so.1.3.0
7f0368c3e000-7f0368c3f000 rw-p 0000b000 08:20 71619                      /usr/lib/x86_64-linux-gnu/libXrender.so.1.3.0
7f0368c3f000-7f0368c49000 rw-p 00000000 00:00 0 
7f0368c49000-7f0368cff000 rw-p 00000000 00:00 0 
7f0368cff000-7f0368d00000 ---p 00000000 00:00 0 
7f0368d00000-7f0368d03000 ---p 00000000 00:00 0 
7f0368d03000-7f0368e00000 rw-p 00000000 00:00 0 
7f0368e00000-7f0369975000 r-xp 00000000 08:20 256086                     /jdk1.7.0_79/jre/lib/amd64/server/libjvm.so
7f0369975000-7f0369b75000 ---p 00b75000 08:20 256086                     /jdk1.7.0_79/jre/lib/amd64/server/libjvm.so
7f0369b75000-7f0369c39000 rw-p 00b75000 08:20 256086                     /jdk1.7.0_79/jre/lib/amd64/server/libjvm.so
7f0369c39000-7f0369c7a000 rw-p 00000000 00:00 0 
7f0369c7a000-7f0369c7b000 r--p 00000000 08:20 71607                      /usr/lib/x86_64-linux-gnu/libXcomposite.so.1.0.0
7f0369c7b000-7f0369c7c000 r-xp 00001000 08:20 71607                      /usr/lib/x86_64-linux-gnu/libXcomposite.so.1.0.0
7f0369c7c000-7f0369c7d000 r--p 00002000 08:20 71607                      /usr/lib/x86_64-linux-gnu/libXcomposite.so.1.0.0
7f0369c7d000-7f0369c7e000 r--p 00002000 08:20 71607                      /usr/lib/x86_64-linux-gnu/libXcomposite.so.1.0.0
7f0369c7e000-7f0369c7f000 rw-p 00003000 08:20 71607                      /usr/lib/x86_64-linux-gnu/libXcomposite.so.1.0.0
7f0369c7f000-7f0369c80000 r--p 00000000 08:20 71643                      /usr/lib/x86_64-linux-gnu/libXinerama.so.1.0.0
7f0369c80000-7f0369c81000 r-xp 00001000 08:20 71643                      /usr/lib/x86_64-linux-gnu/libXinerama.so.1.0.0
7f0369c81000-7f0369c82000 r--p 00002000 08:20 71643                      /usr/lib/x86_64-linux-gnu/libXinerama.so.1.0.0
7f0369c82000-7f0369c83000 r--p 00003000 08:20 71643                      /usr/lib/x86_64-linux-gnu/libXinerama.so.1.0.0
7f0369c83000-7f0369c84000 rw-p 00004000 08:20 71643                      /usr/lib/x86_64-linux-gnu/libXinerama.so.1.0.0
7f0369c84000-7f0369c89000 r--p 00000000 08:20 101409                     /usr/lib/x86_64-linux-gnu/libpangocairo-1.0.so.0.5000.6
7f0369c89000-7f0369c91000 r-xp 00005000 08:20 101409                     /usr/lib/x86_64-linux-gnu/libpangocairo-1.0.so.0.5000.6
7f0369c91000-7f0369c93000 r--p 0000d000 08:20 101409                     /usr/lib/x86_64-linux-gnu/libpangocairo-1.0.so.0.5000.6
7f0369c93000-7f0369c94000 ---p 0000f000 08:20 101409                     /usr/lib/x86_64-linux-gnu/libpangocairo-1.0.so.0.5000.6
7f0369c94000-7f0369c95000 r--p 0000f000 08:20 101409                     /usr/lib/x86_64-linux-gnu/libpangocairo-1.0.so.0.5000.6
7f0369c95000-7f0369c96000 rw-p 00010000 08:20 101409                     /usr/lib/x86_64-linux-gnu/libpangocairo-1.0.so.0.5000.6
7f0369c96000-7f0369cf1000 rw-p 00000000 00:00 0 
7f0369cf1000-7f0369cff000 r--p 00000000 08:20 12714                      /usr/lib/x86_64-linux-gnu/libm.so.6
7f0369cff000-7f0369d7b000 r-xp 0000e000 08:20 12714                      /usr/lib/x86_64-linux-gnu/libm.so.6
7f0369d7b000-7f0369dd6000 r--p 0008a000 08:20 12714                      /usr/lib/x86_64-linux-gnu/libm.so.6
7f0369dd6000-7f0369dd7000 r--p 000e4000 08:20 12714                      /usr/lib/x86_64-linux-gnu/libm.so.6
7f0369dd7000-7f0369dd8000 rw-p 000e5000 08:20 12714                      /usr/lib/x86_64-linux-gnu/libm.so.6
7f0369dd8000-7f0369e00000 r--p 00000000 08:20 12498                      /usr/lib/x86_64-linux-gnu/libc.so.6
7f0369e00000-7f0369f95000 r-xp 00028000 08:20 12498                      /usr/lib/x86_64-linux-gnu/libc.so.6
7f0369f95000-7f0369fed000 r--p 001bd000 08:20 12498                      /usr/lib/x86_64-linux-gnu/libc.so.6
7f0369fed000-7f0369ff1000 r--p 00214000 08:20 12498                      /usr/lib/x86_64-linux-gnu/libc.so.6
7f0369ff1000-7f0369ff3000 rw-p 00218000 08:20 12498                      /usr/lib/x86_64-linux-gnu/libc.so.6
7f0369ff3000-7f036a000000 rw-p 00000000 00:00 0 
7f036a000000-7f036a016000 r-xp 00000000 08:20 256782                     /jdk1.7.0_79/lib/amd64/jli/libjli.so
7f036a016000-7f036a216000 ---p 00016000 08:20 256782                     /jdk1.7.0_79/lib/amd64/jli/libjli.so
7f036a216000-7f036a217000 rw-p 00016000 08:20 256782                     /jdk1.7.0_79/lib/amd64/jli/libjli.so
7f036a217000-7f036a219000 r--p 00000000 08:20 12573                      /usr/lib/x86_64-linux-gnu/libffi.so.8.1.0
7f036a219000-7f036a220000 r-xp 00002000 08:20 12573                      /usr/lib/x86_64-linux-gnu/libffi.so.8.1.0
7f036a220000-7f036a221000 r--p 00009000 08:20 12573                      /usr/lib/x86_64-linux-gnu/libffi.so.8.1.0
7f036a221000-7f036a222000 ---p 0000a000 08:20 12573                      /usr/lib/x86_64-linux-gnu/libffi.so.8.1.0
7f036a222000-7f036a223000 r--p 0000a000 08:20 12573                      /usr/lib/x86_64-linux-gnu/libffi.so.8.1.0
7f036a223000-7f036a224000 rw-p 0000b000 08:20 12573                      /usr/lib/x86_64-linux-gnu/libffi.so.8.1.0
7f036a225000-7f036a226000 r--p 00000000 08:20 87572                      /usr/lib/x86_64-linux-gnu/gdk-pixbuf-2.0/2.10.0/loaders/libpixbufloader-bmp.so
7f036a226000-7f036a229000 r-xp 00001000 08:20 87572                      /usr/lib/x86_64-linux-gnu/gdk-pixbuf-2.0/2.10.0/loaders/libpixbufloader-bmp.so
7f036a229000-7f036a22a000 r--p 00004000 08:20 87572                      /usr/lib/x86_64-linux-gnu/gdk-pixbuf-2.0/2.10.0/loaders/libpixbufloader-bmp.so
7f036a22a000-7f036a22b000 r--p 00004000 08:20 87572                      /usr/lib/x86_64-linux-gnu/gdk-pixbuf-2.0/2.10.0/loaders/libpixbufloader-bmp.so
7f036a22b000-7f036a22c000 rw-p 00005000 08:20 87572                      /usr/lib/x86_64-linux-gnu/gdk-pixbuf-2.0/2.10.0/loaders/libpixbufloader-bmp.so
7f036a22c000-7f036a22f000 r--s 00019000 08:20 256640                     /jdk1.7.0_79/jre/lib/jce.jar
7f036a22f000-7f036a246000 rw-p 00000000 00:00 0 
7f036a246000-7f036a24e000 rw-s 00000000 08:20 262851                     /tmp/hsperfdata_root/22542
7f036a24e000-7f036a24f000 r--p 00000000 08:20 12850                      /usr/lib/x86_64-linux-gnu/librt.so.1
7f036a24f000-7f036a250000 r-xp 00001000 08:20 12850                      /usr/lib/x86_64-linux-gnu/librt.so.1
7f036a250000-7f036a251000 r--p 00002000 08:20 12850                      /usr/lib/x86_64-linux-gnu/librt.so.1
7f036a251000-7f036a252000 r--p 00002000 08:20 12850                      /usr/lib/x86_64-linux-gnu/librt.so.1
7f036a252000-7f036a253000 rw-p 00003000 08:20 12850                      /usr/lib/x86_64-linux-gnu/librt.so.1
7f036a253000-7f036a255000 rw-p 00000000 00:00 0 
7f036a255000-7f036a256000 r--p 00000000 08:20 12535                      /usr/lib/x86_64-linux-gnu/libdl.so.2
7f036a256000-7f036a257000 r-xp 00001000 08:20 12535                      /usr/lib/x86_64-linux-gnu/libdl.so.2
7f036a257000-7f036a258000 r--p 00002000 08:20 12535                      /usr/lib/x86_64-linux-gnu/libdl.so.2
7f036a258000-7f036a259000 r--p 00002000 08:20 12535                      /usr/lib/x86_64-linux-gnu/libdl.so.2
7f036a259000-7f036a25a000 rw-p 00003000 08:20 12535                      /usr/lib/x86_64-linux-gnu/libdl.so.2
7f036a25a000-7f036a25b000 r--p 00000000 08:20 12842                      /usr/lib/x86_64-linux-gnu/libpthread.so.0
7f036a25b000-7f036a25c000 r-xp 00001000 08:20 12842                      /usr/lib/x86_64-linux-gnu/libpthread.so.0
7f036a25c000-7f036a25d000 r--p 00002000 08:20 12842                      /usr/lib/x86_64-linux-gnu/libpthread.so.0
7f036a25d000-7f036a25e000 r--p 00002000 08:20 12842                      /usr/lib/x86_64-linux-gnu/libpthread.so.0
7f036a25e000-7f036a25f000 rw-p 00003000 08:20 12842                      /usr/lib/x86_64-linux-gnu/libpthread.so.0
7f036a25f000-7f036a260000 r--s 0001b000 08:20 261051                     /tmp/MuleStudio/plugins/org.mule.tooling.branding.ce_1.3.0.201206220515.jar
7f036a260000-7f036a264000 r--s 0008b000 08:20 256663                     /jdk1.7.0_79/jre/lib/jsse.jar
7f036a264000-7f036a266000 r--s 0000a000 08:20 260328                     /tmp/MuleStudio/plugins/org.eclipse.equinox.launcher_1.1.0.v20100507.jar
7f036a266000-7f036a269000 rw-p 00000000 00:00 0 
7f036a269000-7f036a26b000 r--p 00000000 08:20 12278                      /usr/lib/x86_64-linux-gnu/ld-linux-x86-64.so.2
7f036a26b000-7f036a295000 r-xp 00002000 08:20 12278                      /usr/lib/x86_64-linux-gnu/ld-linux-x86-64.so.2
7f036a295000-7f036a2a0000 r--p 0002c000 08:20 12278                      /usr/lib/x86_64-linux-gnu/ld-linux-x86-64.so.2
7f036a2a0000-7f036a2a1000 r--p 00000000 00:00 0 
7f036a2a1000-7f036a2a3000 r--p 00037000 08:20 12278                      /usr/lib/x86_64-linux-gnu/ld-linux-x86-64.so.2
7f036a2a3000-7f036a2a5000 rw-p 00039000 08:20 12278                      /usr/lib/x86_64-linux-gnu/ld-linux-x86-64.so.2
7ffffc52d000-7ffffc54f000 rw-p 00000000 00:00 0                          [stack]
7ffffc5ba000-7ffffc5be000 r--p 00000000 00:00 0                          [vvar]
7ffffc5be000-7ffffc5bf000 r-xp 00000000 00:00 0                          [vdso]

VM Arguments:
jvm_args: -Xms384m -Xmx768m -XX:MaxPermSize=384m -Dosgi.instance.area.default=@user.home/MuleStudio/workspace 
java_command: /tmp/MuleStudio/plugins/org.eclipse.equinox.launcher_1.1.0.v20100507.jar -os linux -ws gtk -arch x86_64 -showsplash -launcher /tmp/MuleStudio/MuleStudio -name MuleStudio --launcher.library /tmp/MuleStudio/plugins/org.eclipse.equinox.launcher.gtk.linux.x86_64_1.1.1.R36x_v20100810/eclipse_1309.so -startup /tmp/MuleStudio/plugins/org.eclipse.equinox.launcher_1.1.0.v20100507.jar -exitdata 1 -vm /jdk1.7.0_79/bin/java -vmargs -Xms384m -Xmx768m -XX:MaxPermSize=384m -Dosgi.instance.area.default=@user.home/MuleStudio/workspace -jar /tmp/MuleStudio/plugins/org.eclipse.equinox.launcher_1.1.0.v20100507.jar
Launcher Type: SUN_STANDARD

Environment Variables:
JAVA_HOME=/jdk1.7.0_79
CLASSPATH=:/usr/local/JUNIT/junit4.10.jar:/usr/local/JUNIT/junit4.10.jar
PATH=/root/.opam/4.12.0/bin:/jdk1.7.0_79/bin:/root/.opam/4.12.0/bin:/usr/local/sbin:/usr/local/bin:/usr/sbin:/usr/bin:/sbin:/bin:/usr/games:/usr/local/games:/usr/lib/wsl/lib:/mnt/c/Program Files/WindowsApps/CanonicalGroupLimited.Ubuntu_2204.1.8.0_x64__79rhkp1fndgsc:/mnt/c/Program Files/Common Files/Oracle/Java/javapath:/mnt/c/Program Files/NVIDIA GPU Computing Toolkit/CUDA/v11.5/bin:/mnt/c/Program Files/NVIDIA GPU Computing Toolkit/CUDA/v11.5/libnvvp:/mnt/c/Program Files (x86)/Common Files/Intel/Shared Libraries/redist/intel64/compiler:/mnt/c/Program Files (x86)/Common Files/Oracle/Java/javapath:/mnt/c/Windows/system32:/mnt/c/Windows:/mnt/c/Windows/System32/Wbem:/mnt/c/Windows/System32/WindowsPowerShell/v1.0/:/mnt/c/Windows/System32/OpenSSH/:/mnt/c/Program Files (x86)/NVIDIA Corporation/PhysX/Common:/mnt/c/Program Files/Git/cmd:/mnt/c/Program Files/Microsoft SQL Server/110/Tools/Binn/:/mnt/c/Program Files/Inkscape/bin:/mnt/c/Program Files/dotnet/:/mnt/c/Program Files/Microsoft SQL Server/150/Tools/Binn/:/mnt/c/Program Files/NVIDIA Corporation/Nsight Compute 2021.3.1/:/mnt/c/Program Files/NVIDIA Corporation/NVIDIA NvDLISR:/mnt/c/Program Files/MATLAB/R2021b/runtime/win64:/mnt/c/Program Files/MATLAB/R2021b/bin:/mnt/c/Program Files/Microsoft SQL Server/120/Tools/Binn/:/mnt/c/Users/romai/AppData/Local/Microsoft/WindowsApps:/mnt/c/Users/romai/Desktop/Animation 3D/Motion capture/Open Pose/swigwin-4.0.2:/mnt/c/Users/romai/.dotnet/tools:/mnt/c/Users/romai/AppData/Local/Programs/Microsoft VS Code/bin:/mnt/c/Users/romai/Documents/INP/ENSEEIHT/2A/Intergiciels/sujet-ws/apache-tomcat-8.5.47/bin:/snap/bin:/home/romai/Enseeiht/S7/RechOp/solveurGLPK/executables:/julia-1.8.2/bin:/home/romai/Enseeiht/S7/RechOp/solveurGLPK/executables:/julia-1.8.2/bin
SHELL=/bin/bash
DISPLAY=172.25.208.1:0
HOSTTYPE=x86_64

Signal Handlers:
SIGSEGV: [libjvm.so+0x9a3bf0], sa_mask[0]=0x7ffbfeff, sa_flags=0x10000004
SIGBUS: [libjvm.so+0x9a3bf0], sa_mask[0]=0x7ffbfeff, sa_flags=0x10000004
SIGFPE: [libjvm.so+0x81cb60], sa_mask[0]=0x7ffbfeff, sa_flags=0x10000004
SIGPIPE: SIG_IGN, sa_mask[0]=0x00001000, sa_flags=0x10000000
SIGXFSZ: [libjvm.so+0x81cb60], sa_mask[0]=0x7ffbfeff, sa_flags=0x10000004
SIGILL: [libjvm.so+0x81cb60], sa_mask[0]=0x7ffbfeff, sa_flags=0x10000004
SIGUSR1: SIG_DFL, sa_mask[0]=0x00000000, sa_flags=0x00000000
SIGUSR2: [libjvm.so+0x81e360], sa_mask[0]=0x00000000, sa_flags=0x10000004
SIGHUP: [libjvm.so+0x81f480], sa_mask[0]=0x7ffbfeff, sa_flags=0x10000004
SIGINT: [libjvm.so+0x81f480], sa_mask[0]=0x7ffbfeff, sa_flags=0x10000004
SIGTERM: [libjvm.so+0x81f480], sa_mask[0]=0x7ffbfeff, sa_flags=0x10000004
SIGQUIT: [libjvm.so+0x81f480], sa_mask[0]=0x7ffbfeff, sa_flags=0x10000004


---------------  S Y S T E M  ---------------

OS:bookworm/sid

uname:Linux 5.15.79.1-microsoft-standard-WSL2 #1 SMP Wed Nov 23 01:01:46 UTC 2022 x86_64
libc:glibc 2.35 NPTL 2.35 
rlimit: STACK 8192k, CORE 0k, NPROC 30583, NOFILE 1048576, AS infinity
load average:0,00 0,02 0,00

/proc/meminfo:
MemTotal:        7835968 kB
MemFree:         5834400 kB
MemAvailable:    7188920 kB
Buffers:          181628 kB
Cached:          1321336 kB
SwapCached:            0 kB
Active:           387228 kB
Inactive:        1178872 kB
Active(anon):       1852 kB
Inactive(anon):    63804 kB
Active(file):     385376 kB
Inactive(file):  1115068 kB
Unevictable:           0 kB
Mlocked:               0 kB
SwapTotal:       2097152 kB
SwapFree:        2097152 kB
Dirty:                32 kB
Writeback:             0 kB
AnonPages:         63204 kB
Mapped:            71224 kB
Shmem:              2524 kB
KReclaimable:     138396 kB
Slab:             191096 kB
SReclaimable:     138396 kB
SUnreclaim:        52700 kB
KernelStack:        4160 kB
PageTables:         1716 kB
NFS_Unstable:          0 kB
Bounce:                0 kB
WritebackTmp:          0 kB
CommitLimit:     6015136 kB
Committed_AS:     834256 kB
VmallocTotal:   34359738367 kB
VmallocUsed:       24476 kB
VmallocChunk:          0 kB
Percpu:             4352 kB
AnonHugePages:     26624 kB
ShmemHugePages:        0 kB
ShmemPmdMapped:        0 kB
FileHugePages:         0 kB
FilePmdMapped:         0 kB
HugePages_Total:       0
HugePages_Free:        0
HugePages_Rsvd:        0
HugePages_Surp:        0
Hugepagesize:       2048 kB
Hugetlb:               0 kB
DirectMap4k:       19456 kB
DirectMap2M:     3870720 kB
DirectMap1G:    12582912 kB


CPU:total 16 (16 cores per cpu, 1 threads per core) family 23 model 96 stepping 1, cmov, cx8, fxsr, mmx, sse, sse2, sse3, ssse3, sse4.1, sse4.2, popcnt, avx, avx2, aes, mmxext, 3dnowpref, lzcnt, sse4a, tsc, tscinvbit, tscinv

/proc/cpuinfo:
processor	: 0
vendor_id	: AuthenticAMD
cpu family	: 23
model		: 96
model name	: AMD Ryzen 7 4800H with Radeon Graphics
stepping	: 1
microcode	: 0xffffffff
cpu MHz		: 2894.560
cache size	: 512 KB
physical id	: 0
siblings	: 16
core id		: 0
cpu cores	: 8
apicid		: 0
initial apicid	: 0
fpu		: yes
fpu_exception	: yes
cpuid level	: 13
wp		: yes
flags		: fpu vme de pse tsc msr pae mce cx8 apic sep mtrr pge mca cmov pat pse36 clflush mmx fxsr sse sse2 ht syscall nx mmxext fxsr_opt pdpe1gb rdtscp lm constant_tsc rep_good nopl tsc_reliable nonstop_tsc cpuid extd_apicid pni pclmulqdq ssse3 fma cx16 sse4_1 sse4_2 movbe popcnt aes xsave avx f16c rdrand hypervisor lahf_lm cmp_legacy cr8_legacy abm sse4a misalignsse 3dnowprefetch osvw topoext ssbd ibrs ibpb stibp vmmcall fsgsbase bmi1 avx2 smep bmi2 rdseed adx smap clflushopt clwb sha_ni xsaveopt xsavec xgetbv1 xsaves clzero xsaveerptr virt_ssbd arat umip rdpid
bugs		: sysret_ss_attrs null_seg spectre_v1 spectre_v2 spec_store_bypass retbleed
bogomips	: 5789.12
TLB size	: 3072 4K pages
clflush size	: 64
cache_alignment	: 64
address sizes	: 48 bits physical, 48 bits virtual
power management:

processor	: 1
vendor_id	: AuthenticAMD
cpu family	: 23
model		: 96
model name	: AMD Ryzen 7 4800H with Radeon Graphics
stepping	: 1
microcode	: 0xffffffff
cpu MHz		: 2894.560
cache size	: 512 KB
physical id	: 0
siblings	: 16
core id		: 0
cpu cores	: 8
apicid		: 1
initial apicid	: 1
fpu		: yes
fpu_exception	: yes
cpuid level	: 13
wp		: yes
flags		: fpu vme de pse tsc msr pae mce cx8 apic sep mtrr pge mca cmov pat pse36 clflush mmx fxsr sse sse2 ht syscall nx mmxext fxsr_opt pdpe1gb rdtscp lm constant_tsc rep_good nopl tsc_reliable nonstop_tsc cpuid extd_apicid pni pclmulqdq ssse3 fma cx16 sse4_1 sse4_2 movbe popcnt aes xsave avx f16c rdrand hypervisor lahf_lm cmp_legacy cr8_legacy abm sse4a misalignsse 3dnowprefetch osvw topoext ssbd ibrs ibpb stibp vmmcall fsgsbase bmi1 avx2 smep bmi2 rdseed adx smap clflushopt clwb sha_ni xsaveopt xsavec xgetbv1 xsaves clzero xsaveerptr virt_ssbd arat umip rdpid
bugs		: sysret_ss_attrs null_seg spectre_v1 spectre_v2 spec_store_bypass retbleed
bogomips	: 5789.12
TLB size	: 3072 4K pages
clflush size	: 64
cache_alignment	: 64
address sizes	: 48 bits physical, 48 bits virtual
power management:

processor	: 2
vendor_id	: AuthenticAMD
cpu family	: 23
model		: 96
model name	: AMD Ryzen 7 4800H with Radeon Graphics
stepping	: 1
microcode	: 0xffffffff
cpu MHz		: 2894.560
cache size	: 512 KB
physical id	: 0
siblings	: 16
core id		: 1
cpu cores	: 8
apicid		: 2
initial apicid	: 2
fpu		: yes
fpu_exception	: yes
cpuid level	: 13
wp		: yes
flags		: fpu vme de pse tsc msr pae mce cx8 apic sep mtrr pge mca cmov pat pse36 clflush mmx fxsr sse sse2 ht syscall nx mmxext fxsr_opt pdpe1gb rdtscp lm constant_tsc rep_good nopl tsc_reliable nonstop_tsc cpuid extd_apicid pni pclmulqdq ssse3 fma cx16 sse4_1 sse4_2 movbe popcnt aes xsave avx f16c rdrand hypervisor lahf_lm cmp_legacy cr8_legacy abm sse4a misalignsse 3dnowprefetch osvw topoext ssbd ibrs ibpb stibp vmmcall fsgsbase bmi1 avx2 smep bmi2 rdseed adx smap clflushopt clwb sha_ni xsaveopt xsavec xgetbv1 xsaves clzero xsaveerptr virt_ssbd arat umip rdpid
bugs		: sysret_ss_attrs null_seg spectre_v1 spectre_v2 spec_store_bypass retbleed
bogomips	: 5789.12
TLB size	: 3072 4K pages
clflush size	: 64
cache_alignment	: 64
address sizes	: 48 bits physical, 48 bits virtual
power management:

processor	: 3
vendor_id	: AuthenticAMD
cpu family	: 23
model		: 96
model name	: AMD Ryzen 7 4800H with Radeon Graphics
stepping	: 1
microcode	: 0xffffffff
cpu MHz		: 2894.560
cache size	: 512 KB
physical id	: 0
siblings	: 16
core id		: 1
cpu cores	: 8
apicid		: 3
initial apicid	: 3
fpu		: yes
fpu_exception	: yes
cpuid level	: 13
wp		: yes
flags		: fpu vme de pse tsc msr pae mce cx8 apic sep mtrr pge mca cmov pat pse36 clflush mmx fxsr sse sse2 ht syscall nx mmxext fxsr_opt pdpe1gb rdtscp lm constant_tsc rep_good nopl tsc_reliable nonstop_tsc cpuid extd_apicid pni pclmulqdq ssse3 fma cx16 sse4_1 sse4_2 movbe popcnt aes xsave avx f16c rdrand hypervisor lahf_lm cmp_legacy cr8_legacy abm sse4a misalignsse 3dnowprefetch osvw topoext ssbd ibrs ibpb stibp vmmcall fsgsbase bmi1 avx2 smep bmi2 rdseed adx smap clflushopt clwb sha_ni xsaveopt xsavec xgetbv1 xsaves clzero xsaveerptr virt_ssbd arat umip rdpid
bugs		: sysret_ss_attrs null_seg spectre_v1 spectre_v2 spec_store_bypass retbleed
bogomips	: 5789.12
TLB size	: 3072 4K pages
clflush size	: 64
cache_alignment	: 64
address sizes	: 48 bits physical, 48 bits virtual
power management:

processor	: 4
vendor_id	: AuthenticAMD
cpu family	: 23
model		: 96
model name	: AMD Ryzen 7 4800H with Radeon Graphics
stepping	: 1
microcode	: 0xffffffff
cpu MHz		: 2894.560
cache size	: 512 KB
physical id	: 0
siblings	: 16
core id		: 2
cpu cores	: 8
apicid		: 4
initial apicid	: 4
fpu		: yes
fpu_exception	: yes
cpuid level	: 13
wp		: yes
flags		: fpu vme de pse tsc msr pae mce cx8 apic sep mtrr pge mca cmov pat pse36 clflush mmx fxsr sse sse2 ht syscall nx mmxext fxsr_opt pdpe1gb rdtscp lm constant_tsc rep_good nopl tsc_reliable nonstop_tsc cpuid extd_apicid pni pclmulqdq ssse3 fma cx16 sse4_1 sse4_2 movbe popcnt aes xsave avx f16c rdrand hypervisor lahf_lm cmp_legacy cr8_legacy abm sse4a misalignsse 3dnowprefetch osvw topoext ssbd ibrs ibpb stibp vmmcall fsgsbase bmi1 avx2 smep bmi2 rdseed adx smap clflushopt clwb sha_ni xsaveopt xsavec xgetbv1 xsaves clzero xsaveerptr virt_ssbd arat umip rdpid
bugs		: sysret_ss_attrs null_seg spectre_v1 spectre_v2 spec_store_bypass retbleed
bogomips	: 5789.12
TLB size	: 3072 4K pages
clflush size	: 64
cache_alignment	: 64
address sizes	: 48 bits physical, 48 bits virtual
power management:

processor	: 5
vendor_id	: AuthenticAMD
cpu family	: 23
model		: 96
model name	: AMD Ryzen 7 4800H with Radeon Graphics
stepping	: 1
microcode	: 0xffffffff
cpu MHz		: 2894.560
cache size	: 512 KB
physical id	: 0
siblings	: 16
core id		: 2
cpu cores	: 8
apicid		: 5
initial apicid	: 5
fpu		: yes
fpu_exception	: yes
cpuid level	: 13
wp		: yes
flags		: fpu vme de pse tsc msr pae mce cx8 apic sep mtrr pge mca cmov pat pse36 clflush mmx fxsr sse sse2 ht syscall nx mmxext fxsr_opt pdpe1gb rdtscp lm constant_tsc rep_good nopl tsc_reliable nonstop_tsc cpuid extd_apicid pni pclmulqdq ssse3 fma cx16 sse4_1 sse4_2 movbe popcnt aes xsave avx f16c rdrand hypervisor lahf_lm cmp_legacy cr8_legacy abm sse4a misalignsse 3dnowprefetch osvw topoext ssbd ibrs ibpb stibp vmmcall fsgsbase bmi1 avx2 smep bmi2 rdseed adx smap clflushopt clwb sha_ni xsaveopt xsavec xgetbv1 xsaves clzero xsaveerptr virt_ssbd arat umip rdpid
bugs		: sysret_ss_attrs null_seg spectre_v1 spectre_v2 spec_store_bypass retbleed
bogomips	: 5789.12
TLB size	: 3072 4K pages
clflush size	: 64
cache_alignment	: 64
address sizes	: 48 bits physical, 48 bits virtual
power management:

processor	: 6
vendor_id	: AuthenticAMD
cpu family	: 23
model		: 96
model name	: AMD Ryzen 7 4800H with Radeon Graphics
stepping	: 1
microcode	: 0xffffffff
cpu MHz		: 2894.560
cache size	: 512 KB
physical id	: 0
siblings	: 16
core id		: 3
cpu cores	: 8
apicid		: 6
initial apicid	: 6
fpu		: yes
fpu_exception	: yes
cpuid level	: 13
wp		: yes
flags		: fpu vme de pse tsc msr pae mce cx8 apic sep mtrr pge mca cmov pat pse36 clflush mmx fxsr sse sse2 ht syscall nx mmxext fxsr_opt pdpe1gb rdtscp lm constant_tsc rep_good nopl tsc_reliable nonstop_tsc cpuid extd_apicid pni pclmulqdq ssse3 fma cx16 sse4_1 sse4_2 movbe popcnt aes xsave avx f16c rdrand hypervisor lahf_lm cmp_legacy cr8_legacy abm sse4a misalignsse 3dnowprefetch osvw topoext ssbd ibrs ibpb stibp vmmcall fsgsbase bmi1 avx2 smep bmi2 rdseed adx smap clflushopt clwb sha_ni xsaveopt xsavec xgetbv1 xsaves clzero xsaveerptr virt_ssbd arat umip rdpid
bugs		: sysret_ss_attrs null_seg spectre_v1 spectre_v2 spec_store_bypass retbleed
bogomips	: 5789.12
TLB size	: 3072 4K pages
clflush size	: 64
cache_alignment	: 64
address sizes	: 48 bits physical, 48 bits virtual
power management:

processor	: 7
vendor_id	: AuthenticAMD
cpu family	: 23
model		: 96
model name	: AMD Ryzen 7 4800H with Radeon Graphics
stepping	: 1
microcode	: 0xffffffff
cpu MHz		: 2894.560
cache size	: 512 KB
physical id	: 0
siblings	: 16
core id		: 3
cpu cores	: 8
apicid		: 7
initial apicid	: 7
fpu		: yes
fpu_exception	: yes
cpuid level	: 13
wp		: yes
flags		: fpu vme de pse tsc msr pae mce cx8 apic sep mtrr pge mca cmov pat pse36 clflush mmx fxsr sse sse2 ht syscall nx mmxext fxsr_opt pdpe1gb rdtscp lm constant_tsc rep_good nopl tsc_reliable nonstop_tsc cpuid extd_apicid pni pclmulqdq ssse3 fma cx16 sse4_1 sse4_2 movbe popcnt aes xsave avx f16c rdrand hypervisor lahf_lm cmp_legacy cr8_legacy abm sse4a misalignsse 3dnowprefetch osvw topoext ssbd ibrs ibpb stibp vmmcall fsgsbase bmi1 avx2 smep bmi2 rdseed adx smap clflushopt clwb sha_ni xsaveopt xsavec xgetbv1 xsaves clzero xsaveerptr virt_ssbd arat umip rdpid
bugs		: sysret_ss_attrs null_seg spectre_v1 spectre_v2 spec_store_bypass retbleed
bogomips	: 5789.12
TLB size	: 3072 4K pages
clflush size	: 64
cache_alignment	: 64
address sizes	: 48 bits physical, 48 bits virtual
power management:

processor	: 8
vendor_id	: AuthenticAMD
cpu family	: 23
model		: 96
model name	: AMD Ryzen 7 4800H with Radeon Graphics
stepping	: 1
microcode	: 0xffffffff
cpu MHz		: 2894.560
cache size	: 512 KB
physical id	: 0
siblings	: 16
core id		: 4
cpu cores	: 8
apicid		: 8
initial apicid	: 8
fpu		: yes
fpu_exception	: yes
cpuid level	: 13
wp		: yes
flags		: fpu vme de pse tsc msr pae mce cx8 apic sep mtrr pge mca cmov pat pse36 clflush mmx fxsr sse sse2 ht syscall nx mmxext fxsr_opt pdpe1gb rdtscp lm constant_tsc rep_good nopl tsc_reliable nonstop_tsc cpuid extd_apicid pni pclmulqdq ssse3 fma cx16 sse4_1 sse4_2 movbe popcnt aes xsave avx f16c rdrand hypervisor lahf_lm cmp_legacy cr8_legacy abm sse4a misalignsse 3dnowprefetch osvw topoext ssbd ibrs ibpb stibp vmmcall fsgsbase bmi1 avx2 smep bmi2 rdseed adx smap clflushopt clwb sha_ni xsaveopt xsavec xgetbv1 xsaves clzero xsaveerptr virt_ssbd arat umip rdpid
bugs		: sysret_ss_attrs null_seg spectre_v1 spectre_v2 spec_store_bypass retbleed
bogomips	: 5789.12
TLB size	: 3072 4K pages
clflush size	: 64
cache_alignment	: 64
address sizes	: 48 bits physical, 48 bits virtual
power management:

processor	: 9
vendor_id	: AuthenticAMD
cpu family	: 23
model		: 96
model name	: AMD Ryzen 7 4800H with Radeon Graphics
stepping	: 1
microcode	: 0xffffffff
cpu MHz		: 2894.560
cache size	: 512 KB
physical id	: 0
siblings	: 16
core id		: 4
cpu cores	: 8
apicid		: 9
initial apicid	: 9
fpu		: yes
fpu_exception	: yes
cpuid level	: 13
wp		: yes
flags		: fpu vme de pse tsc msr pae mce cx8 apic sep mtrr pge mca cmov pat pse36 clflush mmx fxsr sse sse2 ht syscall nx mmxext fxsr_opt pdpe1gb rdtscp lm constant_tsc rep_good nopl tsc_reliable nonstop_tsc cpuid extd_apicid pni pclmulqdq ssse3 fma cx16 sse4_1 sse4_2 movbe popcnt aes xsave avx f16c rdrand hypervisor lahf_lm cmp_legacy cr8_legacy abm sse4a misalignsse 3dnowprefetch osvw topoext ssbd ibrs ibpb stibp vmmcall fsgsbase bmi1 avx2 smep bmi2 rdseed adx smap clflushopt clwb sha_ni xsaveopt xsavec xgetbv1 xsaves clzero xsaveerptr virt_ssbd arat umip rdpid
bugs		: sysret_ss_attrs null_seg spectre_v1 spectre_v2 spec_store_bypass retbleed
bogomips	: 5789.12
TLB size	: 3072 4K pages
clflush size	: 64
cache_alignment	: 64
address sizes	: 48 bits physical, 48 bits virtual
power management:

processor	: 10
vendor_id	: AuthenticAMD
cpu family	: 23
model		: 96
model name	: AMD Ryzen 7 4800H with Radeon Graphics
stepping	: 1
microcode	: 0xffffffff
cpu MHz		: 2894.560
cache size	: 512 KB
physical id	: 0
siblings	: 16
core id		: 5
cpu cores	: 8
apicid		: 10
initial apicid	: 10
fpu		: yes
fpu_exception	: yes
cpuid level	: 13
wp		: yes
flags		: fpu vme de pse tsc msr pae mce cx8 apic sep mtrr pge mca cmov pat pse36 clflush mmx fxsr sse sse2 ht syscall nx mmxext fxsr_opt pdpe1gb rdtscp lm constant_tsc rep_good nopl tsc_reliable nonstop_tsc cpuid extd_apicid pni pclmulqdq ssse3 fma cx16 sse4_1 sse4_2 movbe popcnt aes xsave avx f16c rdrand hypervisor lahf_lm cmp_legacy cr8_legacy abm sse4a misalignsse 3dnowprefetch osvw topoext ssbd ibrs ibpb stibp vmmcall fsgsbase bmi1 avx2 smep bmi2 rdseed adx smap clflushopt clwb sha_ni xsaveopt xsavec xgetbv1 xsaves clzero xsaveerptr virt_ssbd arat umip rdpid
bugs		: sysret_ss_attrs null_seg spectre_v1 spectre_v2 spec_store_bypass retbleed
bogomips	: 5789.12
TLB size	: 3072 4K pages
clflush size	: 64
cache_alignment	: 64
address sizes	: 48 bits physical, 48 bits virtual
power management:

processor	: 11
vendor_id	: AuthenticAMD
cpu family	: 23
model		: 96
model name	: AMD Ryzen 7 4800H with Radeon Graphics
stepping	: 1
microcode	: 0xffffffff
cpu MHz		: 2894.560
cache size	: 512 KB
physical id	: 0
siblings	: 16
core id		: 5
cpu cores	: 8
apicid		: 11
initial apicid	: 11
fpu		: yes
fpu_exception	: yes
cpuid level	: 13
wp		: yes
flags		: fpu vme de pse tsc msr pae mce cx8 apic sep mtrr pge mca cmov pat pse36 clflush mmx fxsr sse sse2 ht syscall nx mmxext fxsr_opt pdpe1gb rdtscp lm constant_tsc rep_good nopl tsc_reliable nonstop_tsc cpuid extd_apicid pni pclmulqdq ssse3 fma cx16 sse4_1 sse4_2 movbe popcnt aes xsave avx f16c rdrand hypervisor lahf_lm cmp_legacy cr8_legacy abm sse4a misalignsse 3dnowprefetch osvw topoext ssbd ibrs ibpb stibp vmmcall fsgsbase bmi1 avx2 smep bmi2 rdseed adx smap clflushopt clwb sha_ni xsaveopt xsavec xgetbv1 xsaves clzero xsaveerptr virt_ssbd arat umip rdpid
bugs		: sysret_ss_attrs null_seg spectre_v1 spectre_v2 spec_store_bypass retbleed
bogomips	: 5789.12
TLB size	: 3072 4K pages
clflush size	: 64
cache_alignment	: 64
address sizes	: 48 bits physical, 48 bits virtual
power management:

processor	: 12
vendor_id	: AuthenticAMD
cpu family	: 23
model		: 96
model name	: AMD Ryzen 7 4800H with Radeon Graphics
stepping	: 1
microcode	: 0xffffffff
cpu MHz		: 2894.560
cache size	: 512 KB
physical id	: 0
siblings	: 16
core id		: 6
cpu cores	: 8
apicid		: 12
initial apicid	: 12
fpu		: yes
fpu_exception	: yes
cpuid level	: 13
wp		: yes
flags		: fpu vme de pse tsc msr pae mce cx8 apic sep mtrr pge mca cmov pat pse36 clflush mmx fxsr sse sse2 ht syscall nx mmxext fxsr_opt pdpe1gb rdtscp lm constant_tsc rep_good nopl tsc_reliable nonstop_tsc cpuid extd_apicid pni pclmulqdq ssse3 fma cx16 sse4_1 sse4_2 movbe popcnt aes xsave avx f16c rdrand hypervisor lahf_lm cmp_legacy cr8_legacy abm sse4a misalignsse 3dnowprefetch osvw topoext ssbd ibrs ibpb stibp vmmcall fsgsbase bmi1 avx2 smep bmi2 rdseed adx smap clflushopt clwb sha_ni xsaveopt xsavec xgetbv1 xsaves clzero xsaveerptr virt_ssbd arat umip rdpid
bugs		: sysret_ss_attrs null_seg spectre_v1 spectre_v2 spec_store_bypass retbleed
bogomips	: 5789.12
TLB size	: 3072 4K pages
clflush size	: 64
cache_alignment	: 64
address sizes	: 48 bits physical, 48 bits virtual
power management:

processor	: 13
vendor_id	: AuthenticAMD
cpu family	: 23
model		: 96
model name	: AMD Ryzen 7 4800H with Radeon Graphics
stepping	: 1
microcode	: 0xffffffff
cpu MHz		: 2894.560
cache size	: 512 KB
physical id	: 0
siblings	: 16
core id		: 6
cpu cores	: 8
apicid		: 13
initial apicid	: 13
fpu		: yes
fpu_exception	: yes
cpuid level	: 13
wp		: yes
flags		: fpu vme de pse tsc msr pae mce cx8 apic sep mtrr pge mca cmov pat pse36 clflush mmx fxsr sse sse2 ht syscall nx mmxext fxsr_opt pdpe1gb rdtscp lm constant_tsc rep_good nopl tsc_reliable nonstop_tsc cpuid extd_apicid pni pclmulqdq ssse3 fma cx16 sse4_1 sse4_2 movbe popcnt aes xsave avx f16c rdrand hypervisor lahf_lm cmp_legacy cr8_legacy abm sse4a misalignsse 3dnowprefetch osvw topoext ssbd ibrs ibpb stibp vmmcall fsgsbase bmi1 avx2 smep bmi2 rdseed adx smap clflushopt clwb sha_ni xsaveopt xsavec xgetbv1 xsaves clzero xsaveerptr virt_ssbd arat umip rdpid
bugs		: sysret_ss_attrs null_seg spectre_v1 spectre_v2 spec_store_bypass retbleed
bogomips	: 5789.12
TLB size	: 3072 4K pages
clflush size	: 64
cache_alignment	: 64
address sizes	: 48 bits physical, 48 bits virtual
power management:

processor	: 14
vendor_id	: AuthenticAMD
cpu family	: 23
model		: 96
model name	: AMD Ryzen 7 4800H with Radeon Graphics
stepping	: 1
microcode	: 0xffffffff
cpu MHz		: 2894.560
cache size	: 512 KB
physical id	: 0
siblings	: 16
core id		: 7
cpu cores	: 8
apicid		: 14
initial apicid	: 14
fpu		: yes
fpu_exception	: yes
cpuid level	: 13
wp		: yes
flags		: fpu vme de pse tsc msr pae mce cx8 apic sep mtrr pge mca cmov pat pse36 clflush mmx fxsr sse sse2 ht syscall nx mmxext fxsr_opt pdpe1gb rdtscp lm constant_tsc rep_good nopl tsc_reliable nonstop_tsc cpuid extd_apicid pni pclmulqdq ssse3 fma cx16 sse4_1 sse4_2 movbe popcnt aes xsave avx f16c rdrand hypervisor lahf_lm cmp_legacy cr8_legacy abm sse4a misalignsse 3dnowprefetch osvw topoext ssbd ibrs ibpb stibp vmmcall fsgsbase bmi1 avx2 smep bmi2 rdseed adx smap clflushopt clwb sha_ni xsaveopt xsavec xgetbv1 xsaves clzero xsaveerptr virt_ssbd arat umip rdpid
bugs		: sysret_ss_attrs null_seg spectre_v1 spectre_v2 spec_store_bypass retbleed
bogomips	: 5789.12
TLB size	: 3072 4K pages
clflush size	: 64
cache_alignment	: 64
address sizes	: 48 bits physical, 48 bits virtual
power management:

processor	: 15
vendor_id	: AuthenticAMD
cpu family	: 23
model		: 96
model name	: AMD Ryzen 7 4800H with Radeon Graphics
stepping	: 1
microcode	: 0xffffffff
cpu MHz		: 2894.560
cache size	: 512 KB
physical id	: 0
siblings	: 16
core id		: 7
cpu cores	: 8
apicid		: 15
initial apicid	: 15
fpu		: yes
fpu_exception	: yes
cpuid level	: 13
wp		: yes
flags		: fpu vme de pse tsc msr pae mce cx8 apic sep mtrr pge mca cmov pat pse36 clflush mmx fxsr sse sse2 ht syscall nx mmxext fxsr_opt pdpe1gb rdtscp lm constant_tsc rep_good nopl tsc_reliable nonstop_tsc cpuid extd_apicid pni pclmulqdq ssse3 fma cx16 sse4_1 sse4_2 movbe popcnt aes xsave avx f16c rdrand hypervisor lahf_lm cmp_legacy cr8_legacy abm sse4a misalignsse 3dnowprefetch osvw topoext ssbd ibrs ibpb stibp vmmcall fsgsbase bmi1 avx2 smep bmi2 rdseed adx smap clflushopt clwb sha_ni xsaveopt xsavec xgetbv1 xsaves clzero xsaveerptr virt_ssbd arat umip rdpid
bugs		: sysret_ss_attrs null_seg spectre_v1 spectre_v2 spec_store_bypass retbleed
bogomips	: 5789.12
TLB size	: 3072 4K pages
clflush size	: 64
cache_alignment	: 64
address sizes	: 48 bits physical, 48 bits virtual
power management:



Memory: 4k page, physical 7835968k(5834400k free), swap 2097152k(2097152k free)

vm_info: Java HotSpot(TM) 64-Bit Server VM (24.79-b02) for linux-amd64 JRE (1.7.0_79-b15), built on Apr 10 2015 11:34:48 by "java_re" with gcc 4.3.0 20080428 (Red Hat 4.3.0-8)

time: Wed Jan 11 14:31:06 2023
elapsed time: 0 seconds

